2025-01-31 12:06:33,064 WARN o.h.e.j.d.i.DialectFactoryImpl [main] HHH90000025: H2Dialect does not need to be specified explicitly using 'hibernate.dialect' (remove the property setting and it will be selected by default)
2025-01-31 12:06:35,266 WARN o.s.b.a.o.j.JpaBaseConfiguration$JpaWebConfiguration [main] spring.jpa.open-in-view is enabled by default. Therefore, database queries may be performed during view rendering. Explicitly configure spring.jpa.open-in-view to disable this warning
2025-01-31 12:07:37,079 WARN o.s.b.a.o.j.JpaBaseConfiguration$JpaWebConfiguration [main] spring.jpa.open-in-view is enabled by default. Therefore, database queries may be performed during view rendering. Explicitly configure spring.jpa.open-in-view to disable this warning
2025-01-31 13:57:24,523 INFO o.s.b.StartupInfoLogger [main] Starting ApiApplication using Java 21.0.2 with PID 2432 (C:\Users\pokhi\IdeaProjects\PP1\API\target\classes started by pokhi in C:\Users\pokhi\IdeaProjects\PP1\API)
2025-01-31 13:57:24,527 INFO o.s.b.SpringApplication [main] No active profile set, falling back to 1 default profile: "default"
2025-01-31 13:57:25,523 INFO o.s.d.r.c.RepositoryConfigurationDelegate [main] Bootstrapping Spring Data JPA repositories in DEFAULT mode.
2025-01-31 13:57:25,617 INFO o.s.d.r.c.RepositoryConfigurationDelegate [main] Finished Spring Data repository scanning in 76 ms. Found 1 JPA repository interface.
2025-01-31 13:57:26,433 INFO o.s.b.w.e.t.TomcatWebServer [main] Tomcat initialized with port 8080 (http)
2025-01-31 13:57:26,478 INFO o.a.j.l.DirectJDKLog [main] Initializing ProtocolHandler ["http-nio-8080"]
2025-01-31 13:57:26,484 INFO o.a.j.l.DirectJDKLog [main] Starting service [Tomcat]
2025-01-31 13:57:26,485 INFO o.a.j.l.DirectJDKLog [main] Starting Servlet engine: [Apache Tomcat/10.1.34]
2025-01-31 13:57:26,593 INFO o.a.j.l.DirectJDKLog [main] Initializing Spring embedded WebApplicationContext
2025-01-31 13:57:26,595 INFO o.s.b.w.s.c.ServletWebServerApplicationContext [main] Root WebApplicationContext: initialization completed in 2001 ms
2025-01-31 13:57:26,860 INFO o.h.j.i.u.LogHelper [main] HHH000204: Processing PersistenceUnitInfo [name: default]
2025-01-31 13:57:26,954 INFO o.h.Version [main] HHH000412: Hibernate ORM core version 6.6.5.Final
2025-01-31 13:57:27,012 INFO o.h.c.i.RegionFactoryInitiator [main] HHH000026: Second-level cache disabled
2025-01-31 13:57:27,456 INFO o.s.o.j.p.SpringPersistenceUnitInfo [main] No LoadTimeWeaver setup: ignoring JPA class transformer
2025-01-31 13:57:27,507 INFO c.z.h.HikariDataSource [main] HikariPool-1 - Starting...
2025-01-31 13:57:27,885 INFO c.z.h.p.HikariPool [main] HikariPool-1 - Added connection conn0: url=jdbc:h2:file:~/gardening.db user=SA
2025-01-31 13:57:27,889 INFO c.z.h.HikariDataSource [main] HikariPool-1 - Start completed.
2025-01-31 13:57:27,984 INFO o.h.e.j.e.i.JdbcEnvironmentInitiator [main] HHH10001005: Database info:
	Database JDBC URL [Connecting through datasource 'HikariDataSource (HikariPool-1)']
	Database driver: undefined/unknown
	Database version: 2.3.232
	Autocommit mode: undefined/unknown
	Isolation level: undefined/unknown
	Minimum pool size: undefined/unknown
	Maximum pool size: undefined/unknown
2025-01-31 13:57:29,507 INFO o.h.e.t.j.p.i.JtaPlatformInitiator [main] HHH000489: No JTA platform available (set 'hibernate.transaction.jta.platform' to enable JTA platform integration)
2025-01-31 13:57:29,602 INFO o.s.o.j.AbstractEntityManagerFactoryBean [main] Initialized JPA EntityManagerFactory for persistence unit 'default'
2025-01-31 13:57:30,029 WARN o.s.b.a.o.j.JpaBaseConfiguration$JpaWebConfiguration [main] spring.jpa.open-in-view is enabled by default. Therefore, database queries may be performed during view rendering. Explicitly configure spring.jpa.open-in-view to disable this warning
2025-01-31 13:57:30,424 INFO o.s.b.a.h.H2ConsoleAutoConfiguration$H2ConsoleLogger [main] H2 console available at '/h2-console'. Database available at 'jdbc:h2:file:~/gardening.db'
2025-01-31 13:57:30,503 INFO o.a.j.l.DirectJDKLog [main] Starting ProtocolHandler ["http-nio-8080"]
2025-01-31 13:57:30,538 INFO o.s.b.w.e.t.TomcatWebServer [main] Tomcat started on port 8080 (http) with context path '/'
2025-01-31 13:57:30,552 INFO o.s.b.StartupInfoLogger [main] Started ApiApplication in 6.953 seconds (process running for 7.545)
2025-01-31 14:00:31,068 INFO o.s.b.w.e.t.GracefulShutdown [SpringApplicationShutdownHook] Commencing graceful shutdown. Waiting for active requests to complete
2025-01-31 14:00:31,083 INFO o.s.b.w.e.t.GracefulShutdown [tomcat-shutdown] Graceful shutdown complete
2025-01-31 14:00:31,091 INFO o.s.o.j.AbstractEntityManagerFactoryBean [SpringApplicationShutdownHook] Closing JPA EntityManagerFactory for persistence unit 'default'
2025-01-31 14:00:31,097 INFO c.z.h.HikariDataSource [SpringApplicationShutdownHook] HikariPool-1 - Shutdown initiated...
2025-01-31 14:00:31,098 INFO c.z.h.HikariDataSource [SpringApplicationShutdownHook] HikariPool-1 - Shutdown completed.
2025-01-31 15:23:44,504 INFO o.s.b.StartupInfoLogger [main] Starting ApiApplication using Java 21.0.2 with PID 2712 (C:\Users\pokhi\IdeaProjects\PP1\API\target\classes started by pokhi in C:\Users\pokhi\IdeaProjects\PP1\API)
2025-01-31 15:23:44,512 INFO o.s.b.SpringApplication [main] No active profile set, falling back to 1 default profile: "default"
2025-01-31 15:23:45,682 INFO o.s.d.r.c.RepositoryConfigurationDelegate [main] Bootstrapping Spring Data JPA repositories in DEFAULT mode.
2025-01-31 15:23:45,787 INFO o.s.d.r.c.RepositoryConfigurationDelegate [main] Finished Spring Data repository scanning in 87 ms. Found 1 JPA repository interface.
2025-01-31 15:23:46,778 INFO o.s.b.w.e.t.TomcatWebServer [main] Tomcat initialized with port 8080 (http)
2025-01-31 15:23:46,805 INFO o.a.j.l.DirectJDKLog [main] Initializing ProtocolHandler ["http-nio-8080"]
2025-01-31 15:23:46,817 INFO o.a.j.l.DirectJDKLog [main] Starting service [Tomcat]
2025-01-31 15:23:46,818 INFO o.a.j.l.DirectJDKLog [main] Starting Servlet engine: [Apache Tomcat/10.1.34]
2025-01-31 15:23:46,936 INFO o.a.j.l.DirectJDKLog [main] Initializing Spring embedded WebApplicationContext
2025-01-31 15:23:46,944 INFO o.s.b.w.s.c.ServletWebServerApplicationContext [main] Root WebApplicationContext: initialization completed in 2352 ms
2025-01-31 15:23:47,218 INFO o.h.j.i.u.LogHelper [main] HHH000204: Processing PersistenceUnitInfo [name: default]
2025-01-31 15:23:47,364 INFO o.h.Version [main] HHH000412: Hibernate ORM core version 6.6.5.Final
2025-01-31 15:23:47,437 INFO o.h.c.i.RegionFactoryInitiator [main] HHH000026: Second-level cache disabled
2025-01-31 15:23:48,054 INFO o.s.o.j.p.SpringPersistenceUnitInfo [main] No LoadTimeWeaver setup: ignoring JPA class transformer
2025-01-31 15:23:48,118 INFO c.z.h.HikariDataSource [main] HikariPool-1 - Starting...
2025-01-31 15:23:48,587 INFO c.z.h.p.HikariPool [main] HikariPool-1 - Added connection conn0: url=jdbc:h2:file:~/gardening.db user=SA
2025-01-31 15:23:48,591 INFO c.z.h.HikariDataSource [main] HikariPool-1 - Start completed.
2025-01-31 15:23:48,712 INFO o.h.e.j.e.i.JdbcEnvironmentInitiator [main] HHH10001005: Database info:
	Database JDBC URL [Connecting through datasource 'HikariDataSource (HikariPool-1)']
	Database driver: undefined/unknown
	Database version: 2.3.232
	Autocommit mode: undefined/unknown
	Isolation level: undefined/unknown
	Minimum pool size: undefined/unknown
	Maximum pool size: undefined/unknown
2025-01-31 15:23:50,606 INFO o.h.e.t.j.p.i.JtaPlatformInitiator [main] HHH000489: No JTA platform available (set 'hibernate.transaction.jta.platform' to enable JTA platform integration)
2025-01-31 15:23:50,712 INFO o.s.o.j.AbstractEntityManagerFactoryBean [main] Initialized JPA EntityManagerFactory for persistence unit 'default'
2025-01-31 15:23:51,221 WARN o.s.b.a.o.j.JpaBaseConfiguration$JpaWebConfiguration [main] spring.jpa.open-in-view is enabled by default. Therefore, database queries may be performed during view rendering. Explicitly configure spring.jpa.open-in-view to disable this warning
2025-01-31 15:23:51,705 INFO o.s.b.a.h.H2ConsoleAutoConfiguration$H2ConsoleLogger [main] H2 console available at '/h2-console'. Database available at 'jdbc:h2:file:~/gardening.db'
2025-01-31 15:23:51,809 INFO o.a.j.l.DirectJDKLog [main] Starting ProtocolHandler ["http-nio-8080"]
2025-01-31 15:23:51,870 INFO o.s.b.w.e.t.TomcatWebServer [main] Tomcat started on port 8080 (http) with context path '/'
2025-01-31 15:23:51,886 INFO o.s.b.StartupInfoLogger [main] Started ApiApplication in 8.585 seconds (process running for 9.317)
2025-01-31 15:23:51,980 INFO o.a.j.l.DirectJDKLog [http-nio-8080-exec-1] Initializing Spring DispatcherServlet 'dispatcherServlet'
2025-01-31 15:23:51,980 INFO o.s.w.s.FrameworkServlet [http-nio-8080-exec-1] Initializing Servlet 'dispatcherServlet'
2025-01-31 15:23:51,984 INFO o.s.w.s.FrameworkServlet [http-nio-8080-exec-1] Completed initialization in 2 ms
2025-01-31 15:23:52,320 INFO c.s.A.c.ClientController [http-nio-8080-exec-1] Get all clients
2025-01-31 15:24:00,911 INFO c.s.A.c.ClientController [http-nio-8080-exec-9] Get client
2025-01-31 15:24:05,188 INFO c.s.A.c.ClientController [http-nio-8080-exec-10] Get client
2025-01-31 15:29:13,642 WARN c.z.h.p.HikariPool$HouseKeeper [HikariPool-1 housekeeper] HikariPool-1 - Thread starvation or clock leap detected (housekeeper delta=1m24s887ms709µs300ns).
2025-01-31 15:30:09,718 INFO c.s.A.c.ClientController [http-nio-8080-exec-3] Get client
2025-01-31 15:31:31,997 INFO c.s.A.c.ClientController [http-nio-8080-exec-2] Get all clients
2025-01-31 15:32:50,744 INFO c.s.A.c.ClientController [http-nio-8080-exec-10] Get all clients
2025-01-31 15:32:53,138 INFO c.s.A.c.ClientController [http-nio-8080-exec-4] Get client
2025-01-31 15:33:43,445 INFO c.s.A.c.ClientController [http-nio-8080-exec-7] Removed client
2025-01-31 15:37:38,149 WARN o.s.w.s.h.AbstractHandlerExceptionResolver [http-nio-8080-exec-3] Resolved [org.springframework.web.HttpRequestMethodNotSupportedException: Request method 'POST' is not supported]
2025-01-31 15:37:50,750 WARN o.s.w.s.h.AbstractHandlerExceptionResolver [http-nio-8080-exec-1] Resolved [org.springframework.web.HttpRequestMethodNotSupportedException: Request method 'POST' is not supported]
2025-01-31 15:38:22,486 INFO o.s.b.w.e.t.GracefulShutdown [SpringApplicationShutdownHook] Commencing graceful shutdown. Waiting for active requests to complete
2025-01-31 15:38:22,510 INFO o.s.b.w.e.t.GracefulShutdown [tomcat-shutdown] Graceful shutdown complete
2025-01-31 15:38:22,515 INFO o.s.o.j.AbstractEntityManagerFactoryBean [SpringApplicationShutdownHook] Closing JPA EntityManagerFactory for persistence unit 'default'
2025-01-31 15:38:22,519 INFO c.z.h.HikariDataSource [SpringApplicationShutdownHook] HikariPool-1 - Shutdown initiated...
2025-01-31 15:38:22,523 INFO c.z.h.HikariDataSource [SpringApplicationShutdownHook] HikariPool-1 - Shutdown completed.
2025-01-31 15:38:38,786 INFO o.s.b.StartupInfoLogger [main] Starting ApiApplication using Java 21.0.2 with PID 2892 (C:\Users\pokhi\IdeaProjects\PP1\API\target\classes started by pokhi in C:\Users\pokhi\IdeaProjects\PP1\API)
2025-01-31 15:38:38,791 INFO o.s.b.SpringApplication [main] No active profile set, falling back to 1 default profile: "default"
2025-01-31 15:38:39,789 INFO o.s.d.r.c.RepositoryConfigurationDelegate [main] Bootstrapping Spring Data JPA repositories in DEFAULT mode.
2025-01-31 15:38:39,881 INFO o.s.d.r.c.RepositoryConfigurationDelegate [main] Finished Spring Data repository scanning in 77 ms. Found 1 JPA repository interface.
2025-01-31 15:38:40,749 INFO o.s.b.w.e.t.TomcatWebServer [main] Tomcat initialized with port 8080 (http)
2025-01-31 15:38:40,777 INFO o.a.j.l.DirectJDKLog [main] Initializing ProtocolHandler ["http-nio-8080"]
2025-01-31 15:38:40,783 INFO o.a.j.l.DirectJDKLog [main] Starting service [Tomcat]
2025-01-31 15:38:40,784 INFO o.a.j.l.DirectJDKLog [main] Starting Servlet engine: [Apache Tomcat/10.1.34]
2025-01-31 15:38:40,885 INFO o.a.j.l.DirectJDKLog [main] Initializing Spring embedded WebApplicationContext
2025-01-31 15:38:40,888 INFO o.s.b.w.s.c.ServletWebServerApplicationContext [main] Root WebApplicationContext: initialization completed in 2025 ms
2025-01-31 15:38:41,133 INFO o.h.j.i.u.LogHelper [main] HHH000204: Processing PersistenceUnitInfo [name: default]
2025-01-31 15:38:41,225 INFO o.h.Version [main] HHH000412: Hibernate ORM core version 6.6.5.Final
2025-01-31 15:38:41,278 INFO o.h.c.i.RegionFactoryInitiator [main] HHH000026: Second-level cache disabled
2025-01-31 15:38:41,751 INFO o.s.o.j.p.SpringPersistenceUnitInfo [main] No LoadTimeWeaver setup: ignoring JPA class transformer
2025-01-31 15:38:41,800 INFO c.z.h.HikariDataSource [main] HikariPool-1 - Starting...
2025-01-31 15:38:42,162 INFO c.z.h.p.HikariPool [main] HikariPool-1 - Added connection conn0: url=jdbc:h2:file:~/gardening.db user=SA
2025-01-31 15:38:42,166 INFO c.z.h.HikariDataSource [main] HikariPool-1 - Start completed.
2025-01-31 15:38:42,261 INFO o.h.e.j.e.i.JdbcEnvironmentInitiator [main] HHH10001005: Database info:
	Database JDBC URL [Connecting through datasource 'HikariDataSource (HikariPool-1)']
	Database driver: undefined/unknown
	Database version: 2.3.232
	Autocommit mode: undefined/unknown
	Isolation level: undefined/unknown
	Minimum pool size: undefined/unknown
	Maximum pool size: undefined/unknown
2025-01-31 15:38:43,778 INFO o.h.e.t.j.p.i.JtaPlatformInitiator [main] HHH000489: No JTA platform available (set 'hibernate.transaction.jta.platform' to enable JTA platform integration)
2025-01-31 15:38:43,875 INFO o.s.o.j.AbstractEntityManagerFactoryBean [main] Initialized JPA EntityManagerFactory for persistence unit 'default'
2025-01-31 15:38:44,304 WARN o.s.b.a.o.j.JpaBaseConfiguration$JpaWebConfiguration [main] spring.jpa.open-in-view is enabled by default. Therefore, database queries may be performed during view rendering. Explicitly configure spring.jpa.open-in-view to disable this warning
2025-01-31 15:38:44,730 INFO o.s.b.a.h.H2ConsoleAutoConfiguration$H2ConsoleLogger [main] H2 console available at '/h2-console'. Database available at 'jdbc:h2:file:~/gardening.db'
2025-01-31 15:38:44,819 INFO o.a.j.l.DirectJDKLog [main] Starting ProtocolHandler ["http-nio-8080"]
2025-01-31 15:38:44,861 INFO o.s.b.w.e.t.TomcatWebServer [main] Tomcat started on port 8080 (http) with context path '/'
2025-01-31 15:38:44,877 INFO o.s.b.StartupInfoLogger [main] Started ApiApplication in 7.052 seconds (process running for 7.705)
2025-01-31 15:57:25,731 INFO o.a.j.l.DirectJDKLog [http-nio-8080-exec-1] Initializing Spring DispatcherServlet 'dispatcherServlet'
2025-01-31 15:57:25,732 INFO o.s.w.s.FrameworkServlet [http-nio-8080-exec-1] Initializing Servlet 'dispatcherServlet'
2025-01-31 15:57:25,732 INFO o.s.w.s.FrameworkServlet [http-nio-8080-exec-1] Completed initialization in 0 ms
2025-01-31 15:57:25,898 WARN o.s.w.s.h.AbstractHandlerExceptionResolver [http-nio-8080-exec-1] Resolved [org.springframework.http.converter.HttpMessageNotReadableException: JSON parse error: Unexpected character ('}' (code 125)): was expecting double-quote to start field name]
2025-01-31 15:58:20,990 INFO c.s.A.c.ClientController [http-nio-8080-exec-2] Client added
2025-01-31 15:58:31,236 INFO c.s.A.c.ClientController [http-nio-8080-exec-3] Get client
2025-01-31 16:06:58,033 INFO c.s.A.c.ClientController [http-nio-8080-exec-4] Client added
2025-01-31 16:07:05,700 INFO c.s.A.c.ClientController [http-nio-8080-exec-5] Get client
2025-01-31 16:10:07,862 INFO c.s.A.c.ClientController [http-nio-8080-exec-7] Get all clients
2025-01-31 16:10:38,238 INFO c.s.A.c.ClientController [http-nio-8080-exec-9] Get all clients
2025-01-31 16:17:24,280 INFO o.s.b.w.e.t.GracefulShutdown [SpringApplicationShutdownHook] Commencing graceful shutdown. Waiting for active requests to complete
2025-01-31 16:17:24,302 INFO o.s.b.w.e.t.GracefulShutdown [tomcat-shutdown] Graceful shutdown complete
2025-01-31 16:17:24,310 INFO o.s.o.j.AbstractEntityManagerFactoryBean [SpringApplicationShutdownHook] Closing JPA EntityManagerFactory for persistence unit 'default'
2025-01-31 16:17:24,316 INFO c.z.h.HikariDataSource [SpringApplicationShutdownHook] HikariPool-1 - Shutdown initiated...
2025-01-31 16:17:24,320 INFO c.z.h.HikariDataSource [SpringApplicationShutdownHook] HikariPool-1 - Shutdown completed.
2025-01-31 16:17:39,967 INFO o.s.b.StartupInfoLogger [main] Starting ApiApplication using Java 21.0.2 with PID 21780 (C:\Users\pokhi\IdeaProjects\PP1\API\target\classes started by pokhi in C:\Users\pokhi\IdeaProjects\PP1\API)
2025-01-31 16:17:39,971 INFO o.s.b.SpringApplication [main] No active profile set, falling back to 1 default profile: "default"
2025-01-31 16:17:40,971 INFO o.s.d.r.c.RepositoryConfigurationDelegate [main] Bootstrapping Spring Data JPA repositories in DEFAULT mode.
2025-01-31 16:17:41,064 INFO o.s.d.r.c.RepositoryConfigurationDelegate [main] Finished Spring Data repository scanning in 78 ms. Found 1 JPA repository interface.
2025-01-31 16:17:41,926 INFO o.s.b.w.e.t.TomcatWebServer [main] Tomcat initialized with port 8080 (http)
2025-01-31 16:17:41,948 INFO o.a.j.l.DirectJDKLog [main] Initializing ProtocolHandler ["http-nio-8080"]
2025-01-31 16:17:41,954 INFO o.a.j.l.DirectJDKLog [main] Starting service [Tomcat]
2025-01-31 16:17:41,955 INFO o.a.j.l.DirectJDKLog [main] Starting Servlet engine: [Apache Tomcat/10.1.34]
2025-01-31 16:17:42,061 INFO o.a.j.l.DirectJDKLog [main] Initializing Spring embedded WebApplicationContext
2025-01-31 16:17:42,063 INFO o.s.b.w.s.c.ServletWebServerApplicationContext [main] Root WebApplicationContext: initialization completed in 2021 ms
2025-01-31 16:17:42,325 INFO o.h.j.i.u.LogHelper [main] HHH000204: Processing PersistenceUnitInfo [name: default]
2025-01-31 16:17:42,419 INFO o.h.Version [main] HHH000412: Hibernate ORM core version 6.6.5.Final
2025-01-31 16:17:42,476 INFO o.h.c.i.RegionFactoryInitiator [main] HHH000026: Second-level cache disabled
2025-01-31 16:17:42,931 INFO o.s.o.j.p.SpringPersistenceUnitInfo [main] No LoadTimeWeaver setup: ignoring JPA class transformer
2025-01-31 16:17:42,980 INFO c.z.h.HikariDataSource [main] HikariPool-1 - Starting...
2025-01-31 16:17:43,343 INFO c.z.h.p.HikariPool [main] HikariPool-1 - Added connection conn0: url=jdbc:h2:file:~/gardening.db user=SA
2025-01-31 16:17:43,347 INFO c.z.h.HikariDataSource [main] HikariPool-1 - Start completed.
2025-01-31 16:17:43,446 INFO o.h.e.j.e.i.JdbcEnvironmentInitiator [main] HHH10001005: Database info:
	Database JDBC URL [Connecting through datasource 'HikariDataSource (HikariPool-1)']
	Database driver: undefined/unknown
	Database version: 2.3.232
	Autocommit mode: undefined/unknown
	Isolation level: undefined/unknown
	Minimum pool size: undefined/unknown
	Maximum pool size: undefined/unknown
2025-01-31 16:17:45,018 INFO o.h.e.t.j.p.i.JtaPlatformInitiator [main] HHH000489: No JTA platform available (set 'hibernate.transaction.jta.platform' to enable JTA platform integration)
2025-01-31 16:17:45,122 INFO o.s.o.j.AbstractEntityManagerFactoryBean [main] Initialized JPA EntityManagerFactory for persistence unit 'default'
2025-01-31 16:17:45,585 WARN o.s.b.a.o.j.JpaBaseConfiguration$JpaWebConfiguration [main] spring.jpa.open-in-view is enabled by default. Therefore, database queries may be performed during view rendering. Explicitly configure spring.jpa.open-in-view to disable this warning
2025-01-31 16:17:46,009 INFO o.s.b.a.h.H2ConsoleAutoConfiguration$H2ConsoleLogger [main] H2 console available at '/h2-console'. Database available at 'jdbc:h2:file:~/gardening.db'
2025-01-31 16:17:46,096 INFO o.a.j.l.DirectJDKLog [main] Starting ProtocolHandler ["http-nio-8080"]
2025-01-31 16:17:46,132 INFO o.s.b.w.e.t.TomcatWebServer [main] Tomcat started on port 8080 (http) with context path '/'
2025-01-31 16:17:46,147 INFO o.s.b.StartupInfoLogger [main] Started ApiApplication in 7.154 seconds (process running for 7.815)
2025-01-31 16:17:52,530 INFO o.a.j.l.DirectJDKLog [http-nio-8080-exec-1] Initializing Spring DispatcherServlet 'dispatcherServlet'
2025-01-31 16:17:52,531 INFO o.s.w.s.FrameworkServlet [http-nio-8080-exec-1] Initializing Servlet 'dispatcherServlet'
2025-01-31 16:17:52,533 INFO o.s.w.s.FrameworkServlet [http-nio-8080-exec-1] Completed initialization in 1 ms
2025-01-31 16:17:52,854 INFO c.s.A.c.ClientController [http-nio-8080-exec-1] Client added
2025-01-31 16:21:00,232 INFO o.s.b.w.e.t.GracefulShutdown [SpringApplicationShutdownHook] Commencing graceful shutdown. Waiting for active requests to complete
2025-01-31 16:21:00,248 INFO o.s.b.w.e.t.GracefulShutdown [tomcat-shutdown] Graceful shutdown complete
2025-01-31 16:21:00,255 INFO o.s.o.j.AbstractEntityManagerFactoryBean [SpringApplicationShutdownHook] Closing JPA EntityManagerFactory for persistence unit 'default'
2025-01-31 16:21:00,260 INFO c.z.h.HikariDataSource [SpringApplicationShutdownHook] HikariPool-1 - Shutdown initiated...
2025-01-31 16:21:00,263 INFO c.z.h.HikariDataSource [SpringApplicationShutdownHook] HikariPool-1 - Shutdown completed.
2025-01-31 16:21:19,716 INFO o.s.b.StartupInfoLogger [main] Starting ApiApplication using Java 21.0.2 with PID 22256 (C:\Users\pokhi\IdeaProjects\PP1\API\target\classes started by pokhi in C:\Users\pokhi\IdeaProjects\PP1\API)
2025-01-31 16:21:19,720 INFO o.s.b.SpringApplication [main] No active profile set, falling back to 1 default profile: "default"
2025-01-31 16:21:20,783 INFO o.s.d.r.c.RepositoryConfigurationDelegate [main] Bootstrapping Spring Data JPA repositories in DEFAULT mode.
2025-01-31 16:21:20,884 INFO o.s.d.r.c.RepositoryConfigurationDelegate [main] Finished Spring Data repository scanning in 84 ms. Found 1 JPA repository interface.
2025-01-31 16:21:21,751 INFO o.s.b.w.e.t.TomcatWebServer [main] Tomcat initialized with port 8080 (http)
2025-01-31 16:21:21,774 INFO o.a.j.l.DirectJDKLog [main] Initializing ProtocolHandler ["http-nio-8080"]
2025-01-31 16:21:21,779 INFO o.a.j.l.DirectJDKLog [main] Starting service [Tomcat]
2025-01-31 16:21:21,780 INFO o.a.j.l.DirectJDKLog [main] Starting Servlet engine: [Apache Tomcat/10.1.34]
2025-01-31 16:21:21,905 INFO o.a.j.l.DirectJDKLog [main] Initializing Spring embedded WebApplicationContext
2025-01-31 16:21:21,908 INFO o.s.b.w.s.c.ServletWebServerApplicationContext [main] Root WebApplicationContext: initialization completed in 2116 ms
2025-01-31 16:21:22,166 INFO o.h.j.i.u.LogHelper [main] HHH000204: Processing PersistenceUnitInfo [name: default]
2025-01-31 16:21:22,259 INFO o.h.Version [main] HHH000412: Hibernate ORM core version 6.6.5.Final
2025-01-31 16:21:22,312 INFO o.h.c.i.RegionFactoryInitiator [main] HHH000026: Second-level cache disabled
2025-01-31 16:21:22,787 INFO o.s.o.j.p.SpringPersistenceUnitInfo [main] No LoadTimeWeaver setup: ignoring JPA class transformer
2025-01-31 16:21:22,836 INFO c.z.h.HikariDataSource [main] HikariPool-1 - Starting...
2025-01-31 16:21:23,293 INFO c.z.h.p.HikariPool [main] HikariPool-1 - Added connection conn0: url=jdbc:h2:file:~/gardening.db user=SA
2025-01-31 16:21:23,297 INFO c.z.h.HikariDataSource [main] HikariPool-1 - Start completed.
2025-01-31 16:21:23,390 INFO o.h.e.j.e.i.JdbcEnvironmentInitiator [main] HHH10001005: Database info:
	Database JDBC URL [Connecting through datasource 'HikariDataSource (HikariPool-1)']
	Database driver: undefined/unknown
	Database version: 2.3.232
	Autocommit mode: undefined/unknown
	Isolation level: undefined/unknown
	Minimum pool size: undefined/unknown
	Maximum pool size: undefined/unknown
2025-01-31 16:21:24,969 INFO o.h.e.t.j.p.i.JtaPlatformInitiator [main] HHH000489: No JTA platform available (set 'hibernate.transaction.jta.platform' to enable JTA platform integration)
2025-01-31 16:21:25,071 INFO o.s.o.j.AbstractEntityManagerFactoryBean [main] Initialized JPA EntityManagerFactory for persistence unit 'default'
2025-01-31 16:21:25,514 WARN o.s.b.a.o.j.JpaBaseConfiguration$JpaWebConfiguration [main] spring.jpa.open-in-view is enabled by default. Therefore, database queries may be performed during view rendering. Explicitly configure spring.jpa.open-in-view to disable this warning
2025-01-31 16:21:25,933 INFO o.s.b.a.h.H2ConsoleAutoConfiguration$H2ConsoleLogger [main] H2 console available at '/h2-console'. Database available at 'jdbc:h2:file:~/gardening.db'
2025-01-31 16:21:26,018 INFO o.a.j.l.DirectJDKLog [main] Starting ProtocolHandler ["http-nio-8080"]
2025-01-31 16:21:26,054 INFO o.s.b.w.e.t.TomcatWebServer [main] Tomcat started on port 8080 (http) with context path '/'
2025-01-31 16:21:26,068 INFO o.s.b.StartupInfoLogger [main] Started ApiApplication in 7.33 seconds (process running for 7.981)
2025-01-31 16:21:35,351 INFO o.a.j.l.DirectJDKLog [http-nio-8080-exec-2] Initializing Spring DispatcherServlet 'dispatcherServlet'
2025-01-31 16:21:35,351 INFO o.s.w.s.FrameworkServlet [http-nio-8080-exec-2] Initializing Servlet 'dispatcherServlet'
2025-01-31 16:21:35,354 INFO o.s.w.s.FrameworkServlet [http-nio-8080-exec-2] Completed initialization in 2 ms
2025-01-31 16:21:35,712 INFO c.s.A.c.ClientController [http-nio-8080-exec-2] Client added
2025-01-31 16:27:21,040 WARN o.s.w.s.h.AbstractHandlerExceptionResolver [http-nio-8080-exec-3] Resolved [org.springframework.web.HttpRequestMethodNotSupportedException: Request method 'PUT' is not supported]
2025-01-31 16:27:42,281 INFO c.s.A.c.ClientController [http-nio-8080-exec-4] Get all clients
2025-01-31 16:28:02,578 INFO o.s.b.w.e.t.GracefulShutdown [SpringApplicationShutdownHook] Commencing graceful shutdown. Waiting for active requests to complete
2025-01-31 16:28:02,591 INFO o.s.b.w.e.t.GracefulShutdown [tomcat-shutdown] Graceful shutdown complete
2025-01-31 16:28:02,605 INFO o.s.o.j.AbstractEntityManagerFactoryBean [SpringApplicationShutdownHook] Closing JPA EntityManagerFactory for persistence unit 'default'
2025-01-31 16:28:02,611 INFO c.z.h.HikariDataSource [SpringApplicationShutdownHook] HikariPool-1 - Shutdown initiated...
2025-01-31 16:28:02,613 INFO c.z.h.HikariDataSource [SpringApplicationShutdownHook] HikariPool-1 - Shutdown completed.
2025-01-31 16:28:18,827 INFO o.s.b.StartupInfoLogger [main] Starting ApiApplication using Java 21.0.2 with PID 19308 (C:\Users\pokhi\IdeaProjects\PP1\API\target\classes started by pokhi in C:\Users\pokhi\IdeaProjects\PP1\API)
2025-01-31 16:28:18,831 INFO o.s.b.SpringApplication [main] No active profile set, falling back to 1 default profile: "default"
2025-01-31 16:28:19,847 INFO o.s.d.r.c.RepositoryConfigurationDelegate [main] Bootstrapping Spring Data JPA repositories in DEFAULT mode.
2025-01-31 16:28:19,940 INFO o.s.d.r.c.RepositoryConfigurationDelegate [main] Finished Spring Data repository scanning in 77 ms. Found 1 JPA repository interface.
2025-01-31 16:28:20,785 INFO o.s.b.w.e.t.TomcatWebServer [main] Tomcat initialized with port 8080 (http)
2025-01-31 16:28:20,807 INFO o.a.j.l.DirectJDKLog [main] Initializing ProtocolHandler ["http-nio-8080"]
2025-01-31 16:28:20,813 INFO o.a.j.l.DirectJDKLog [main] Starting service [Tomcat]
2025-01-31 16:28:20,814 INFO o.a.j.l.DirectJDKLog [main] Starting Servlet engine: [Apache Tomcat/10.1.34]
2025-01-31 16:28:20,925 INFO o.a.j.l.DirectJDKLog [main] Initializing Spring embedded WebApplicationContext
2025-01-31 16:28:20,928 INFO o.s.b.w.s.c.ServletWebServerApplicationContext [main] Root WebApplicationContext: initialization completed in 2023 ms
2025-01-31 16:28:21,181 INFO o.h.j.i.u.LogHelper [main] HHH000204: Processing PersistenceUnitInfo [name: default]
2025-01-31 16:28:21,297 INFO o.h.Version [main] HHH000412: Hibernate ORM core version 6.6.5.Final
2025-01-31 16:28:21,362 INFO o.h.c.i.RegionFactoryInitiator [main] HHH000026: Second-level cache disabled
2025-01-31 16:28:21,912 INFO o.s.o.j.p.SpringPersistenceUnitInfo [main] No LoadTimeWeaver setup: ignoring JPA class transformer
2025-01-31 16:28:21,972 INFO c.z.h.HikariDataSource [main] HikariPool-1 - Starting...
2025-01-31 16:28:22,362 INFO c.z.h.p.HikariPool [main] HikariPool-1 - Added connection conn0: url=jdbc:h2:file:~/gardening.db user=SA
2025-01-31 16:28:22,364 INFO c.z.h.HikariDataSource [main] HikariPool-1 - Start completed.
2025-01-31 16:28:22,459 INFO o.h.e.j.e.i.JdbcEnvironmentInitiator [main] HHH10001005: Database info:
	Database JDBC URL [Connecting through datasource 'HikariDataSource (HikariPool-1)']
	Database driver: undefined/unknown
	Database version: 2.3.232
	Autocommit mode: undefined/unknown
	Isolation level: undefined/unknown
	Minimum pool size: undefined/unknown
	Maximum pool size: undefined/unknown
2025-01-31 16:28:24,116 INFO o.h.e.t.j.p.i.JtaPlatformInitiator [main] HHH000489: No JTA platform available (set 'hibernate.transaction.jta.platform' to enable JTA platform integration)
2025-01-31 16:28:24,220 INFO o.s.o.j.AbstractEntityManagerFactoryBean [main] Initialized JPA EntityManagerFactory for persistence unit 'default'
2025-01-31 16:28:24,665 WARN o.s.b.a.o.j.JpaBaseConfiguration$JpaWebConfiguration [main] spring.jpa.open-in-view is enabled by default. Therefore, database queries may be performed during view rendering. Explicitly configure spring.jpa.open-in-view to disable this warning
2025-01-31 16:28:25,090 INFO o.s.b.a.h.H2ConsoleAutoConfiguration$H2ConsoleLogger [main] H2 console available at '/h2-console'. Database available at 'jdbc:h2:file:~/gardening.db'
2025-01-31 16:28:25,173 INFO o.a.j.l.DirectJDKLog [main] Starting ProtocolHandler ["http-nio-8080"]
2025-01-31 16:28:25,214 INFO o.s.b.w.e.t.TomcatWebServer [main] Tomcat started on port 8080 (http) with context path '/'
2025-01-31 16:28:25,231 INFO o.s.b.StartupInfoLogger [main] Started ApiApplication in 7.352 seconds (process running for 8.01)
2025-01-31 16:28:28,174 INFO o.a.j.l.DirectJDKLog [http-nio-8080-exec-1] Initializing Spring DispatcherServlet 'dispatcherServlet'
2025-01-31 16:28:28,175 INFO o.s.w.s.FrameworkServlet [http-nio-8080-exec-1] Initializing Servlet 'dispatcherServlet'
2025-01-31 16:28:28,177 INFO o.s.w.s.FrameworkServlet [http-nio-8080-exec-1] Completed initialization in 2 ms
2025-01-31 16:28:28,577 INFO c.s.A.c.ClientController [http-nio-8080-exec-1] Modified client
2025-01-31 16:28:33,472 INFO c.s.A.c.ClientController [http-nio-8080-exec-2] Get all clients
2025-01-31 16:51:12,513 INFO o.s.b.w.e.t.GracefulShutdown [SpringApplicationShutdownHook] Commencing graceful shutdown. Waiting for active requests to complete
2025-01-31 16:51:12,530 INFO o.s.b.w.e.t.GracefulShutdown [tomcat-shutdown] Graceful shutdown complete
2025-01-31 16:51:12,538 INFO o.s.o.j.AbstractEntityManagerFactoryBean [SpringApplicationShutdownHook] Closing JPA EntityManagerFactory for persistence unit 'default'
2025-01-31 16:51:12,542 INFO c.z.h.HikariDataSource [SpringApplicationShutdownHook] HikariPool-1 - Shutdown initiated...
2025-01-31 16:51:12,546 INFO c.z.h.HikariDataSource [SpringApplicationShutdownHook] HikariPool-1 - Shutdown completed.
2025-01-31 16:51:28,283 INFO o.s.b.StartupInfoLogger [main] Starting ApiApplication using Java 21.0.2 with PID 8832 (C:\Users\pokhi\IdeaProjects\PP1\API\target\classes started by pokhi in C:\Users\pokhi\IdeaProjects\PP1\API)
2025-01-31 16:51:28,288 INFO o.s.b.SpringApplication [main] No active profile set, falling back to 1 default profile: "default"
2025-01-31 16:51:29,310 INFO o.s.d.r.c.RepositoryConfigurationDelegate [main] Bootstrapping Spring Data JPA repositories in DEFAULT mode.
2025-01-31 16:51:29,414 INFO o.s.d.r.c.RepositoryConfigurationDelegate [main] Finished Spring Data repository scanning in 89 ms. Found 3 JPA repository interfaces.
2025-01-31 16:51:30,316 INFO o.s.b.w.e.t.TomcatWebServer [main] Tomcat initialized with port 8080 (http)
2025-01-31 16:51:30,337 INFO o.a.j.l.DirectJDKLog [main] Initializing ProtocolHandler ["http-nio-8080"]
2025-01-31 16:51:30,343 INFO o.a.j.l.DirectJDKLog [main] Starting service [Tomcat]
2025-01-31 16:51:30,344 INFO o.a.j.l.DirectJDKLog [main] Starting Servlet engine: [Apache Tomcat/10.1.34]
2025-01-31 16:51:30,450 INFO o.a.j.l.DirectJDKLog [main] Initializing Spring embedded WebApplicationContext
2025-01-31 16:51:30,452 INFO o.s.b.w.s.c.ServletWebServerApplicationContext [main] Root WebApplicationContext: initialization completed in 2091 ms
2025-01-31 16:51:30,696 INFO o.h.j.i.u.LogHelper [main] HHH000204: Processing PersistenceUnitInfo [name: default]
2025-01-31 16:51:30,787 INFO o.h.Version [main] HHH000412: Hibernate ORM core version 6.6.5.Final
2025-01-31 16:51:30,854 INFO o.h.c.i.RegionFactoryInitiator [main] HHH000026: Second-level cache disabled
2025-01-31 16:51:31,317 INFO o.s.o.j.p.SpringPersistenceUnitInfo [main] No LoadTimeWeaver setup: ignoring JPA class transformer
2025-01-31 16:51:31,370 INFO c.z.h.HikariDataSource [main] HikariPool-1 - Starting...
2025-01-31 16:51:31,762 INFO c.z.h.p.HikariPool [main] HikariPool-1 - Added connection conn0: url=jdbc:h2:file:~/gardening.db user=SA
2025-01-31 16:51:31,766 INFO c.z.h.HikariDataSource [main] HikariPool-1 - Start completed.
2025-01-31 16:51:31,866 INFO o.h.e.j.e.i.JdbcEnvironmentInitiator [main] HHH10001005: Database info:
	Database JDBC URL [Connecting through datasource 'HikariDataSource (HikariPool-1)']
	Database driver: undefined/unknown
	Database version: 2.3.232
	Autocommit mode: undefined/unknown
	Isolation level: undefined/unknown
	Minimum pool size: undefined/unknown
	Maximum pool size: undefined/unknown
2025-01-31 16:51:33,427 INFO o.h.e.t.j.p.i.JtaPlatformInitiator [main] HHH000489: No JTA platform available (set 'hibernate.transaction.jta.platform' to enable JTA platform integration)
2025-01-31 16:51:33,525 INFO o.s.o.j.AbstractEntityManagerFactoryBean [main] Initialized JPA EntityManagerFactory for persistence unit 'default'
2025-01-31 16:51:34,039 WARN o.s.b.a.o.j.JpaBaseConfiguration$JpaWebConfiguration [main] spring.jpa.open-in-view is enabled by default. Therefore, database queries may be performed during view rendering. Explicitly configure spring.jpa.open-in-view to disable this warning
2025-01-31 16:51:34,564 WARN o.s.c.s.AbstractApplicationContext [main] Exception encountered during context initialization - cancelling refresh attempt: org.springframework.beans.factory.BeanCreationException: Error creating bean with name 'serviceRepository' defined in com.svalero.API.repository.ServiceRepository defined in @EnableJpaRepositories declared on JpaRepositoriesRegistrar.EnableJpaRepositoriesConfiguration: Could not create query for public abstract com.svalero.API.domain.Service com.svalero.API.repository.ServiceRepository.findByName(java.lang.String); Reason: Failed to create query for method public abstract com.svalero.API.domain.Service com.svalero.API.repository.ServiceRepository.findByName(java.lang.String); No property 'name' found for type 'Service'; Did you mean 'date'
2025-01-31 16:51:34,568 INFO o.s.o.j.AbstractEntityManagerFactoryBean [main] Closing JPA EntityManagerFactory for persistence unit 'default'
2025-01-31 16:51:34,572 INFO c.z.h.HikariDataSource [main] HikariPool-1 - Shutdown initiated...
2025-01-31 16:51:34,611 INFO c.z.h.HikariDataSource [main] HikariPool-1 - Shutdown completed.
2025-01-31 16:51:34,615 INFO o.a.j.l.DirectJDKLog [main] Stopping service [Tomcat]
2025-01-31 16:51:34,634 INFO o.s.b.a.l.ConditionEvaluationReportLogger [main] 

Error starting ApplicationContext. To display the condition evaluation report re-run your application with 'debug' enabled.
2025-01-31 16:51:34,669 ERROR o.s.b.SpringApplication [main] Application run failed
org.springframework.beans.factory.BeanCreationException: Error creating bean with name 'serviceRepository' defined in com.svalero.API.repository.ServiceRepository defined in @EnableJpaRepositories declared on JpaRepositoriesRegistrar.EnableJpaRepositoriesConfiguration: Could not create query for public abstract com.svalero.API.domain.Service com.svalero.API.repository.ServiceRepository.findByName(java.lang.String); Reason: Failed to create query for method public abstract com.svalero.API.domain.Service com.svalero.API.repository.ServiceRepository.findByName(java.lang.String); No property 'name' found for type 'Service'; Did you mean 'date'
	at org.springframework.beans.factory.support.AbstractAutowireCapableBeanFactory.initializeBean(AbstractAutowireCapableBeanFactory.java:1812)
	at org.springframework.beans.factory.support.AbstractAutowireCapableBeanFactory.doCreateBean(AbstractAutowireCapableBeanFactory.java:601)
	at org.springframework.beans.factory.support.AbstractAutowireCapableBeanFactory.createBean(AbstractAutowireCapableBeanFactory.java:523)
	at org.springframework.beans.factory.support.AbstractBeanFactory.lambda$doGetBean$0(AbstractBeanFactory.java:336)
	at org.springframework.beans.factory.support.DefaultSingletonBeanRegistry.getSingleton(DefaultSingletonBeanRegistry.java:307)
	at org.springframework.beans.factory.support.AbstractBeanFactory.doGetBean(AbstractBeanFactory.java:334)
	at org.springframework.beans.factory.support.AbstractBeanFactory.getBean(AbstractBeanFactory.java:199)
	at org.springframework.beans.factory.support.DefaultListableBeanFactory.instantiateSingleton(DefaultListableBeanFactory.java:1116)
	at org.springframework.beans.factory.support.DefaultListableBeanFactory.preInstantiateSingleton(DefaultListableBeanFactory.java:1093)
	at org.springframework.beans.factory.support.DefaultListableBeanFactory.preInstantiateSingletons(DefaultListableBeanFactory.java:1030)
	at org.springframework.context.support.AbstractApplicationContext.finishBeanFactoryInitialization(AbstractApplicationContext.java:987)
	at org.springframework.context.support.AbstractApplicationContext.refresh(AbstractApplicationContext.java:627)
	at org.springframework.boot.web.servlet.context.ServletWebServerApplicationContext.refresh(ServletWebServerApplicationContext.java:146)
	at org.springframework.boot.SpringApplication.refresh(SpringApplication.java:752)
	at org.springframework.boot.SpringApplication.refreshContext(SpringApplication.java:439)
	at org.springframework.boot.SpringApplication.run(SpringApplication.java:318)
	at org.springframework.boot.SpringApplication.run(SpringApplication.java:1361)
	at org.springframework.boot.SpringApplication.run(SpringApplication.java:1350)
	at com.svalero.API.ApiApplication.main(ApiApplication.java:10)
Caused by: org.springframework.data.repository.query.QueryCreationException: Could not create query for public abstract com.svalero.API.domain.Service com.svalero.API.repository.ServiceRepository.findByName(java.lang.String); Reason: Failed to create query for method public abstract com.svalero.API.domain.Service com.svalero.API.repository.ServiceRepository.findByName(java.lang.String); No property 'name' found for type 'Service'; Did you mean 'date'
	at org.springframework.data.repository.query.QueryCreationException.create(QueryCreationException.java:101)
	at org.springframework.data.repository.core.support.QueryExecutorMethodInterceptor.lookupQuery(QueryExecutorMethodInterceptor.java:120)
	at org.springframework.data.repository.core.support.QueryExecutorMethodInterceptor.mapMethodsToQuery(QueryExecutorMethodInterceptor.java:104)
	at org.springframework.data.repository.core.support.QueryExecutorMethodInterceptor.lambda$new$0(QueryExecutorMethodInterceptor.java:92)
	at java.base/java.util.Optional.map(Optional.java:260)
	at org.springframework.data.repository.core.support.QueryExecutorMethodInterceptor.<init>(QueryExecutorMethodInterceptor.java:92)
	at org.springframework.data.repository.core.support.RepositoryFactorySupport.getRepository(RepositoryFactorySupport.java:440)
	at org.springframework.data.repository.core.support.RepositoryFactoryBeanSupport.lambda$afterPropertiesSet$4(RepositoryFactoryBeanSupport.java:350)
	at org.springframework.data.util.Lazy.getNullable(Lazy.java:135)
	at org.springframework.data.util.Lazy.get(Lazy.java:113)
	at org.springframework.data.repository.core.support.RepositoryFactoryBeanSupport.afterPropertiesSet(RepositoryFactoryBeanSupport.java:356)
	at org.springframework.data.jpa.repository.support.JpaRepositoryFactoryBean.afterPropertiesSet(JpaRepositoryFactoryBean.java:132)
	at org.springframework.beans.factory.support.AbstractAutowireCapableBeanFactory.invokeInitMethods(AbstractAutowireCapableBeanFactory.java:1859)
	at org.springframework.beans.factory.support.AbstractAutowireCapableBeanFactory.initializeBean(AbstractAutowireCapableBeanFactory.java:1808)
	... 18 common frames omitted
Caused by: java.lang.IllegalArgumentException: Failed to create query for method public abstract com.svalero.API.domain.Service com.svalero.API.repository.ServiceRepository.findByName(java.lang.String); No property 'name' found for type 'Service'; Did you mean 'date'
	at org.springframework.data.jpa.repository.query.PartTreeJpaQuery.<init>(PartTreeJpaQuery.java:107)
	at org.springframework.data.jpa.repository.query.JpaQueryLookupStrategy$CreateQueryLookupStrategy.resolveQuery(JpaQueryLookupStrategy.java:128)
	at org.springframework.data.jpa.repository.query.JpaQueryLookupStrategy$CreateIfNotFoundQueryLookupStrategy.resolveQuery(JpaQueryLookupStrategy.java:262)
	at org.springframework.data.jpa.repository.query.JpaQueryLookupStrategy$AbstractQueryLookupStrategy.resolveQuery(JpaQueryLookupStrategy.java:99)
	at org.springframework.data.repository.core.support.QueryExecutorMethodInterceptor.lookupQuery(QueryExecutorMethodInterceptor.java:116)
	... 30 common frames omitted
Caused by: org.springframework.data.mapping.PropertyReferenceException: No property 'name' found for type 'Service'; Did you mean 'date'
	at org.springframework.data.mapping.PropertyPath.<init>(PropertyPath.java:94)
	at org.springframework.data.mapping.PropertyPath.create(PropertyPath.java:455)
	at org.springframework.data.mapping.PropertyPath.create(PropertyPath.java:431)
	at org.springframework.data.mapping.PropertyPath.lambda$from$0(PropertyPath.java:384)
	at java.base/java.util.concurrent.ConcurrentMap.computeIfAbsent(ConcurrentMap.java:330)
	at org.springframework.data.mapping.PropertyPath.from(PropertyPath.java:366)
	at org.springframework.data.mapping.PropertyPath.from(PropertyPath.java:344)
	at org.springframework.data.repository.query.parser.Part.<init>(Part.java:81)
	at org.springframework.data.repository.query.parser.PartTree$OrPart.lambda$new$0(PartTree.java:259)
	at java.base/java.util.stream.ReferencePipeline$3$1.accept(ReferencePipeline.java:197)
	at java.base/java.util.stream.ReferencePipeline$2$1.accept(ReferencePipeline.java:179)
	at java.base/java.util.Spliterators$ArraySpliterator.forEachRemaining(Spliterators.java:1024)
	at java.base/java.util.stream.AbstractPipeline.copyInto(AbstractPipeline.java:509)
	at java.base/java.util.stream.AbstractPipeline.wrapAndCopyInto(AbstractPipeline.java:499)
	at java.base/java.util.stream.ReduceOps$ReduceOp.evaluateSequential(ReduceOps.java:921)
	at java.base/java.util.stream.AbstractPipeline.evaluate(AbstractPipeline.java:234)
	at java.base/java.util.stream.ReferencePipeline.collect(ReferencePipeline.java:682)
	at org.springframework.data.repository.query.parser.PartTree$OrPart.<init>(PartTree.java:260)
	at org.springframework.data.repository.query.parser.PartTree$Predicate.lambda$new$0(PartTree.java:389)
	at java.base/java.util.stream.ReferencePipeline$3$1.accept(ReferencePipeline.java:197)
	at java.base/java.util.stream.ReferencePipeline$2$1.accept(ReferencePipeline.java:179)
	at java.base/java.util.Spliterators$ArraySpliterator.forEachRemaining(Spliterators.java:1024)
	at java.base/java.util.stream.AbstractPipeline.copyInto(AbstractPipeline.java:509)
	at java.base/java.util.stream.AbstractPipeline.wrapAndCopyInto(AbstractPipeline.java:499)
	at java.base/java.util.stream.ReduceOps$ReduceOp.evaluateSequential(ReduceOps.java:921)
	at java.base/java.util.stream.AbstractPipeline.evaluate(AbstractPipeline.java:234)
	at java.base/java.util.stream.ReferencePipeline.collect(ReferencePipeline.java:682)
	at org.springframework.data.repository.query.parser.PartTree$Predicate.<init>(PartTree.java:390)
	at org.springframework.data.repository.query.parser.PartTree.<init>(PartTree.java:103)
	at org.springframework.data.jpa.repository.query.PartTreeJpaQuery.<init>(PartTreeJpaQuery.java:101)
	... 34 common frames omitted
2025-01-31 16:53:15,406 INFO o.s.b.StartupInfoLogger [main] Starting ApiApplication using Java 21.0.2 with PID 10476 (C:\Users\pokhi\IdeaProjects\PP1\API\target\classes started by pokhi in C:\Users\pokhi\IdeaProjects\PP1\API)
2025-01-31 16:53:15,411 INFO o.s.b.SpringApplication [main] No active profile set, falling back to 1 default profile: "default"
2025-01-31 16:53:16,435 INFO o.s.d.r.c.RepositoryConfigurationDelegate [main] Bootstrapping Spring Data JPA repositories in DEFAULT mode.
2025-01-31 16:53:16,536 INFO o.s.d.r.c.RepositoryConfigurationDelegate [main] Finished Spring Data repository scanning in 85 ms. Found 3 JPA repository interfaces.
2025-01-31 16:53:17,415 INFO o.s.b.w.e.t.TomcatWebServer [main] Tomcat initialized with port 8080 (http)
2025-01-31 16:53:17,437 INFO o.a.j.l.DirectJDKLog [main] Initializing ProtocolHandler ["http-nio-8080"]
2025-01-31 16:53:17,444 INFO o.a.j.l.DirectJDKLog [main] Starting service [Tomcat]
2025-01-31 16:53:17,445 INFO o.a.j.l.DirectJDKLog [main] Starting Servlet engine: [Apache Tomcat/10.1.34]
2025-01-31 16:53:17,550 INFO o.a.j.l.DirectJDKLog [main] Initializing Spring embedded WebApplicationContext
2025-01-31 16:53:17,552 INFO o.s.b.w.s.c.ServletWebServerApplicationContext [main] Root WebApplicationContext: initialization completed in 2068 ms
2025-01-31 16:53:17,809 INFO o.h.j.i.u.LogHelper [main] HHH000204: Processing PersistenceUnitInfo [name: default]
2025-01-31 16:53:17,914 INFO o.h.Version [main] HHH000412: Hibernate ORM core version 6.6.5.Final
2025-01-31 16:53:17,980 INFO o.h.c.i.RegionFactoryInitiator [main] HHH000026: Second-level cache disabled
2025-01-31 16:53:18,456 INFO o.s.o.j.p.SpringPersistenceUnitInfo [main] No LoadTimeWeaver setup: ignoring JPA class transformer
2025-01-31 16:53:18,506 INFO c.z.h.HikariDataSource [main] HikariPool-1 - Starting...
2025-01-31 16:53:18,875 INFO c.z.h.p.HikariPool [main] HikariPool-1 - Added connection conn0: url=jdbc:h2:file:~/gardening.db user=SA
2025-01-31 16:53:18,879 INFO c.z.h.HikariDataSource [main] HikariPool-1 - Start completed.
2025-01-31 16:53:18,973 INFO o.h.e.j.e.i.JdbcEnvironmentInitiator [main] HHH10001005: Database info:
	Database JDBC URL [Connecting through datasource 'HikariDataSource (HikariPool-1)']
	Database driver: undefined/unknown
	Database version: 2.3.232
	Autocommit mode: undefined/unknown
	Isolation level: undefined/unknown
	Minimum pool size: undefined/unknown
	Maximum pool size: undefined/unknown
2025-01-31 16:53:20,575 INFO o.h.e.t.j.p.i.JtaPlatformInitiator [main] HHH000489: No JTA platform available (set 'hibernate.transaction.jta.platform' to enable JTA platform integration)
2025-01-31 16:53:20,674 INFO o.s.o.j.AbstractEntityManagerFactoryBean [main] Initialized JPA EntityManagerFactory for persistence unit 'default'
2025-01-31 16:53:21,119 WARN o.s.b.a.o.j.JpaBaseConfiguration$JpaWebConfiguration [main] spring.jpa.open-in-view is enabled by default. Therefore, database queries may be performed during view rendering. Explicitly configure spring.jpa.open-in-view to disable this warning
2025-01-31 16:53:21,572 INFO o.s.b.a.h.H2ConsoleAutoConfiguration$H2ConsoleLogger [main] H2 console available at '/h2-console'. Database available at 'jdbc:h2:file:~/gardening.db'
2025-01-31 16:53:21,668 INFO o.a.j.l.DirectJDKLog [main] Starting ProtocolHandler ["http-nio-8080"]
2025-01-31 16:53:21,709 INFO o.s.b.w.e.t.TomcatWebServer [main] Tomcat started on port 8080 (http) with context path '/'
2025-01-31 16:53:21,727 INFO o.s.b.StartupInfoLogger [main] Started ApiApplication in 7.304 seconds (process running for 7.955)
2025-01-31 16:54:11,497 INFO o.a.j.l.DirectJDKLog [http-nio-8080-exec-1] Initializing Spring DispatcherServlet 'dispatcherServlet'
2025-01-31 16:54:11,497 INFO o.s.w.s.FrameworkServlet [http-nio-8080-exec-1] Initializing Servlet 'dispatcherServlet'
2025-01-31 16:54:11,499 INFO o.s.w.s.FrameworkServlet [http-nio-8080-exec-1] Completed initialization in 1 ms
2025-01-31 16:54:30,640 INFO c.s.A.c.ClientController [http-nio-8080-exec-2] Get all clients
2025-01-31 16:58:02,696 INFO c.s.A.c.ClientController [http-nio-8080-exec-6] Get all clients
2025-01-31 16:59:19,477 INFO c.s.A.c.ClientController [http-nio-8080-exec-5] Get all clients
2025-01-31 17:00:23,189 INFO o.s.b.w.e.t.GracefulShutdown [SpringApplicationShutdownHook] Commencing graceful shutdown. Waiting for active requests to complete
2025-01-31 17:00:23,214 INFO o.s.b.w.e.t.GracefulShutdown [tomcat-shutdown] Graceful shutdown complete
2025-01-31 17:00:23,223 INFO o.s.o.j.AbstractEntityManagerFactoryBean [SpringApplicationShutdownHook] Closing JPA EntityManagerFactory for persistence unit 'default'
2025-01-31 17:00:23,228 INFO c.z.h.HikariDataSource [SpringApplicationShutdownHook] HikariPool-1 - Shutdown initiated...
2025-01-31 17:00:23,232 INFO c.z.h.HikariDataSource [SpringApplicationShutdownHook] HikariPool-1 - Shutdown completed.
2025-01-31 17:02:03,739 INFO o.s.b.StartupInfoLogger [main] Starting ApiApplication using Java 21.0.2 with PID 14576 (C:\Users\pokhi\IdeaProjects\PP1\API\target\classes started by pokhi in C:\Users\pokhi\IdeaProjects\PP1\API)
2025-01-31 17:02:03,743 INFO o.s.b.SpringApplication [main] No active profile set, falling back to 1 default profile: "default"
2025-01-31 17:02:04,763 INFO o.s.d.r.c.RepositoryConfigurationDelegate [main] Bootstrapping Spring Data JPA repositories in DEFAULT mode.
2025-01-31 17:02:04,866 INFO o.s.d.r.c.RepositoryConfigurationDelegate [main] Finished Spring Data repository scanning in 87 ms. Found 3 JPA repository interfaces.
2025-01-31 17:02:05,730 INFO o.s.b.w.e.t.TomcatWebServer [main] Tomcat initialized with port 8080 (http)
2025-01-31 17:02:05,773 INFO o.a.j.l.DirectJDKLog [main] Initializing ProtocolHandler ["http-nio-8080"]
2025-01-31 17:02:05,778 INFO o.a.j.l.DirectJDKLog [main] Starting service [Tomcat]
2025-01-31 17:02:05,779 INFO o.a.j.l.DirectJDKLog [main] Starting Servlet engine: [Apache Tomcat/10.1.34]
2025-01-31 17:02:05,881 INFO o.a.j.l.DirectJDKLog [main] Initializing Spring embedded WebApplicationContext
2025-01-31 17:02:05,883 INFO o.s.b.w.s.c.ServletWebServerApplicationContext [main] Root WebApplicationContext: initialization completed in 2068 ms
2025-01-31 17:02:06,148 INFO o.h.j.i.u.LogHelper [main] HHH000204: Processing PersistenceUnitInfo [name: default]
2025-01-31 17:02:06,242 INFO o.h.Version [main] HHH000412: Hibernate ORM core version 6.6.5.Final
2025-01-31 17:02:06,300 INFO o.h.c.i.RegionFactoryInitiator [main] HHH000026: Second-level cache disabled
2025-01-31 17:02:06,767 INFO o.s.o.j.p.SpringPersistenceUnitInfo [main] No LoadTimeWeaver setup: ignoring JPA class transformer
2025-01-31 17:02:06,817 INFO c.z.h.HikariDataSource [main] HikariPool-1 - Starting...
2025-01-31 17:02:07,188 INFO c.z.h.p.HikariPool [main] HikariPool-1 - Added connection conn0: url=jdbc:h2:file:~/gardening.db user=SA
2025-01-31 17:02:07,191 INFO c.z.h.HikariDataSource [main] HikariPool-1 - Start completed.
2025-01-31 17:02:07,292 INFO o.h.e.j.e.i.JdbcEnvironmentInitiator [main] HHH10001005: Database info:
	Database JDBC URL [Connecting through datasource 'HikariDataSource (HikariPool-1)']
	Database driver: undefined/unknown
	Database version: 2.3.232
	Autocommit mode: undefined/unknown
	Isolation level: undefined/unknown
	Minimum pool size: undefined/unknown
	Maximum pool size: undefined/unknown
2025-01-31 17:02:08,830 INFO o.h.e.t.j.p.i.JtaPlatformInitiator [main] HHH000489: No JTA platform available (set 'hibernate.transaction.jta.platform' to enable JTA platform integration)
2025-01-31 17:02:08,937 INFO o.s.o.j.AbstractEntityManagerFactoryBean [main] Initialized JPA EntityManagerFactory for persistence unit 'default'
2025-01-31 17:02:09,378 WARN o.s.b.a.o.j.JpaBaseConfiguration$JpaWebConfiguration [main] spring.jpa.open-in-view is enabled by default. Therefore, database queries may be performed during view rendering. Explicitly configure spring.jpa.open-in-view to disable this warning
2025-01-31 17:02:09,832 INFO o.s.b.a.h.H2ConsoleAutoConfiguration$H2ConsoleLogger [main] H2 console available at '/h2-console'. Database available at 'jdbc:h2:file:~/gardening.db'
2025-01-31 17:02:09,921 INFO o.a.j.l.DirectJDKLog [main] Starting ProtocolHandler ["http-nio-8080"]
2025-01-31 17:02:09,958 INFO o.s.b.w.e.t.TomcatWebServer [main] Tomcat started on port 8080 (http) with context path '/'
2025-01-31 17:02:09,972 INFO o.s.b.StartupInfoLogger [main] Started ApiApplication in 7.218 seconds (process running for 7.891)
2025-01-31 17:02:22,080 INFO o.a.j.l.DirectJDKLog [http-nio-8080-exec-1] Initializing Spring DispatcherServlet 'dispatcherServlet'
2025-01-31 17:02:22,081 INFO o.s.w.s.FrameworkServlet [http-nio-8080-exec-1] Initializing Servlet 'dispatcherServlet'
2025-01-31 17:02:22,083 INFO o.s.w.s.FrameworkServlet [http-nio-8080-exec-1] Completed initialization in 1 ms
2025-01-31 17:08:31,869 INFO c.s.A.c.ClientController [http-nio-8080-exec-10] Get all clients
2025-01-31 17:09:04,264 WARN o.s.w.s.h.AbstractHandlerExceptionResolver [http-nio-8080-exec-7] Resolved [org.springframework.web.method.annotation.MethodArgumentTypeMismatchException: Method parameter 'id': Failed to convert value of type 'java.lang.String' to required type 'long'; For input string: "gardeners"]
2025-01-31 17:09:08,140 INFO c.s.A.c.ClientController [http-nio-8080-exec-8] Get all clients
2025-01-31 17:10:02,483 INFO c.s.A.c.ClientController [http-nio-8080-exec-7] Get all clients
2025-01-31 17:10:44,322 INFO o.s.b.w.e.t.GracefulShutdown [SpringApplicationShutdownHook] Commencing graceful shutdown. Waiting for active requests to complete
2025-01-31 17:10:44,348 INFO o.s.b.w.e.t.GracefulShutdown [tomcat-shutdown] Graceful shutdown complete
2025-01-31 17:10:44,356 INFO o.s.o.j.AbstractEntityManagerFactoryBean [SpringApplicationShutdownHook] Closing JPA EntityManagerFactory for persistence unit 'default'
2025-01-31 17:10:44,364 INFO c.z.h.HikariDataSource [SpringApplicationShutdownHook] HikariPool-1 - Shutdown initiated...
2025-01-31 17:10:44,368 INFO c.z.h.HikariDataSource [SpringApplicationShutdownHook] HikariPool-1 - Shutdown completed.
2025-01-31 17:10:56,415 INFO o.s.b.StartupInfoLogger [main] Starting ApiApplication using Java 21.0.2 with PID 23132 (C:\Users\pokhi\IdeaProjects\PP1\API\target\classes started by pokhi in C:\Users\pokhi\IdeaProjects\PP1\API)
2025-01-31 17:10:56,419 INFO o.s.b.SpringApplication [main] No active profile set, falling back to 1 default profile: "default"
2025-01-31 17:10:57,414 INFO o.s.d.r.c.RepositoryConfigurationDelegate [main] Bootstrapping Spring Data JPA repositories in DEFAULT mode.
2025-01-31 17:10:57,516 INFO o.s.d.r.c.RepositoryConfigurationDelegate [main] Finished Spring Data repository scanning in 86 ms. Found 3 JPA repository interfaces.
2025-01-31 17:10:58,394 INFO o.s.b.w.e.t.TomcatWebServer [main] Tomcat initialized with port 8080 (http)
2025-01-31 17:10:58,416 INFO o.a.j.l.DirectJDKLog [main] Initializing ProtocolHandler ["http-nio-8080"]
2025-01-31 17:10:58,421 INFO o.a.j.l.DirectJDKLog [main] Starting service [Tomcat]
2025-01-31 17:10:58,422 INFO o.a.j.l.DirectJDKLog [main] Starting Servlet engine: [Apache Tomcat/10.1.34]
2025-01-31 17:10:58,526 INFO o.a.j.l.DirectJDKLog [main] Initializing Spring embedded WebApplicationContext
2025-01-31 17:10:58,529 INFO o.s.b.w.s.c.ServletWebServerApplicationContext [main] Root WebApplicationContext: initialization completed in 2039 ms
2025-01-31 17:10:58,770 INFO o.h.j.i.u.LogHelper [main] HHH000204: Processing PersistenceUnitInfo [name: default]
2025-01-31 17:10:58,862 INFO o.h.Version [main] HHH000412: Hibernate ORM core version 6.6.5.Final
2025-01-31 17:10:58,917 INFO o.h.c.i.RegionFactoryInitiator [main] HHH000026: Second-level cache disabled
2025-01-31 17:10:59,404 INFO o.s.o.j.p.SpringPersistenceUnitInfo [main] No LoadTimeWeaver setup: ignoring JPA class transformer
2025-01-31 17:10:59,460 INFO c.z.h.HikariDataSource [main] HikariPool-1 - Starting...
2025-01-31 17:10:59,857 INFO c.z.h.p.HikariPool [main] HikariPool-1 - Added connection conn0: url=jdbc:h2:file:~/gardening.db user=SA
2025-01-31 17:10:59,861 INFO c.z.h.HikariDataSource [main] HikariPool-1 - Start completed.
2025-01-31 17:10:59,961 INFO o.h.e.j.e.i.JdbcEnvironmentInitiator [main] HHH10001005: Database info:
	Database JDBC URL [Connecting through datasource 'HikariDataSource (HikariPool-1)']
	Database driver: undefined/unknown
	Database version: 2.3.232
	Autocommit mode: undefined/unknown
	Isolation level: undefined/unknown
	Minimum pool size: undefined/unknown
	Maximum pool size: undefined/unknown
2025-01-31 17:11:01,565 INFO o.h.e.t.j.p.i.JtaPlatformInitiator [main] HHH000489: No JTA platform available (set 'hibernate.transaction.jta.platform' to enable JTA platform integration)
2025-01-31 17:11:01,667 INFO o.s.o.j.AbstractEntityManagerFactoryBean [main] Initialized JPA EntityManagerFactory for persistence unit 'default'
2025-01-31 17:11:02,113 WARN o.s.b.a.o.j.JpaBaseConfiguration$JpaWebConfiguration [main] spring.jpa.open-in-view is enabled by default. Therefore, database queries may be performed during view rendering. Explicitly configure spring.jpa.open-in-view to disable this warning
2025-01-31 17:11:02,563 INFO o.s.b.a.h.H2ConsoleAutoConfiguration$H2ConsoleLogger [main] H2 console available at '/h2-console'. Database available at 'jdbc:h2:file:~/gardening.db'
2025-01-31 17:11:02,648 INFO o.a.j.l.DirectJDKLog [main] Starting ProtocolHandler ["http-nio-8080"]
2025-01-31 17:11:02,687 INFO o.s.b.w.e.t.TomcatWebServer [main] Tomcat started on port 8080 (http) with context path '/'
2025-01-31 17:11:02,700 INFO o.s.b.StartupInfoLogger [main] Started ApiApplication in 7.255 seconds (process running for 7.902)
2025-01-31 17:11:16,674 INFO o.a.j.l.DirectJDKLog [http-nio-8080-exec-2] Initializing Spring DispatcherServlet 'dispatcherServlet'
2025-01-31 17:11:16,675 INFO o.s.w.s.FrameworkServlet [http-nio-8080-exec-2] Initializing Servlet 'dispatcherServlet'
2025-01-31 17:11:16,679 INFO o.s.w.s.FrameworkServlet [http-nio-8080-exec-2] Completed initialization in 3 ms
2025-01-31 17:11:17,070 INFO c.s.A.c.ClientController [http-nio-8080-exec-2] Get all clients
2025-01-31 17:12:00,758 INFO o.s.b.w.e.t.GracefulShutdown [SpringApplicationShutdownHook] Commencing graceful shutdown. Waiting for active requests to complete
2025-01-31 17:12:00,795 INFO o.s.b.w.e.t.GracefulShutdown [tomcat-shutdown] Graceful shutdown complete
2025-01-31 17:12:00,805 INFO o.s.o.j.AbstractEntityManagerFactoryBean [SpringApplicationShutdownHook] Closing JPA EntityManagerFactory for persistence unit 'default'
2025-01-31 17:12:00,810 INFO c.z.h.HikariDataSource [SpringApplicationShutdownHook] HikariPool-1 - Shutdown initiated...
2025-01-31 17:12:00,817 INFO c.z.h.HikariDataSource [SpringApplicationShutdownHook] HikariPool-1 - Shutdown completed.
2025-01-31 17:12:25,797 INFO o.s.b.StartupInfoLogger [main] Starting ApiApplication using Java 23.0.1 with PID 11820 (C:\Users\pokhi\IdeaProjects\PP1\API\target\classes started by pokhi in C:\Users\pokhi\IdeaProjects\PP1\API)
2025-01-31 17:12:25,803 INFO o.s.b.SpringApplication [main] No active profile set, falling back to 1 default profile: "default"
2025-01-31 17:12:27,291 INFO o.s.d.r.c.RepositoryConfigurationDelegate [main] Bootstrapping Spring Data JPA repositories in DEFAULT mode.
2025-01-31 17:12:27,431 INFO o.s.d.r.c.RepositoryConfigurationDelegate [main] Finished Spring Data repository scanning in 121 ms. Found 3 JPA repository interfaces.
2025-01-31 17:12:28,677 INFO o.s.b.w.e.t.TomcatWebServer [main] Tomcat initialized with port 8080 (http)
2025-01-31 17:12:28,705 INFO o.a.j.l.DirectJDKLog [main] Initializing ProtocolHandler ["http-nio-8080"]
2025-01-31 17:12:28,711 INFO o.a.j.l.DirectJDKLog [main] Starting service [Tomcat]
2025-01-31 17:12:28,711 INFO o.a.j.l.DirectJDKLog [main] Starting Servlet engine: [Apache Tomcat/10.1.34]
2025-01-31 17:12:28,870 INFO o.a.j.l.DirectJDKLog [main] Initializing Spring embedded WebApplicationContext
2025-01-31 17:12:28,873 INFO o.s.b.w.s.c.ServletWebServerApplicationContext [main] Root WebApplicationContext: initialization completed in 2938 ms
2025-01-31 17:12:29,262 INFO o.h.j.i.u.LogHelper [main] HHH000204: Processing PersistenceUnitInfo [name: default]
2025-01-31 17:12:29,403 INFO o.h.Version [main] HHH000412: Hibernate ORM core version 6.6.5.Final
2025-01-31 17:12:29,495 INFO o.h.c.i.RegionFactoryInitiator [main] HHH000026: Second-level cache disabled
2025-01-31 17:12:30,228 INFO o.s.o.j.p.SpringPersistenceUnitInfo [main] No LoadTimeWeaver setup: ignoring JPA class transformer
2025-01-31 17:12:30,335 INFO c.z.h.HikariDataSource [main] HikariPool-1 - Starting...
2025-01-31 17:12:30,839 INFO c.z.h.p.HikariPool [main] HikariPool-1 - Added connection conn0: url=jdbc:h2:file:~/gardening.db user=SA
2025-01-31 17:12:30,843 INFO c.z.h.HikariDataSource [main] HikariPool-1 - Start completed.
2025-01-31 17:12:30,964 INFO o.h.e.j.e.i.JdbcEnvironmentInitiator [main] HHH10001005: Database info:
	Database JDBC URL [Connecting through datasource 'HikariDataSource (HikariPool-1)']
	Database driver: undefined/unknown
	Database version: 2.3.232
	Autocommit mode: undefined/unknown
	Isolation level: undefined/unknown
	Minimum pool size: undefined/unknown
	Maximum pool size: undefined/unknown
2025-01-31 17:12:32,642 INFO o.h.e.t.j.p.i.JtaPlatformInitiator [main] HHH000489: No JTA platform available (set 'hibernate.transaction.jta.platform' to enable JTA platform integration)
2025-01-31 17:12:32,821 INFO o.s.o.j.AbstractEntityManagerFactoryBean [main] Initialized JPA EntityManagerFactory for persistence unit 'default'
2025-01-31 17:12:33,627 WARN o.s.b.a.o.j.JpaBaseConfiguration$JpaWebConfiguration [main] spring.jpa.open-in-view is enabled by default. Therefore, database queries may be performed during view rendering. Explicitly configure spring.jpa.open-in-view to disable this warning
2025-01-31 17:12:34,435 INFO o.s.b.a.h.H2ConsoleAutoConfiguration$H2ConsoleLogger [main] H2 console available at '/h2-console'. Database available at 'jdbc:h2:file:~/gardening.db'
2025-01-31 17:12:34,586 INFO o.a.j.l.DirectJDKLog [main] Starting ProtocolHandler ["http-nio-8080"]
2025-01-31 17:12:34,662 INFO o.s.b.w.e.t.TomcatWebServer [main] Tomcat started on port 8080 (http) with context path '/'
2025-01-31 17:12:34,686 INFO o.s.b.StartupInfoLogger [main] Started ApiApplication in 10.333 seconds (process running for 13.127)
2025-01-31 17:12:47,578 INFO o.a.j.l.DirectJDKLog [http-nio-8080-exec-1] Initializing Spring DispatcherServlet 'dispatcherServlet'
2025-01-31 17:12:47,579 INFO o.s.w.s.FrameworkServlet [http-nio-8080-exec-1] Initializing Servlet 'dispatcherServlet'
2025-01-31 17:12:47,581 INFO o.s.w.s.FrameworkServlet [http-nio-8080-exec-1] Completed initialization in 1 ms
2025-01-31 17:15:23,155 INFO o.s.b.w.e.t.GracefulShutdown [SpringApplicationShutdownHook] Commencing graceful shutdown. Waiting for active requests to complete
2025-01-31 17:15:23,173 INFO o.s.b.w.e.t.GracefulShutdown [tomcat-shutdown] Graceful shutdown complete
2025-01-31 17:15:23,178 INFO o.s.o.j.AbstractEntityManagerFactoryBean [SpringApplicationShutdownHook] Closing JPA EntityManagerFactory for persistence unit 'default'
2025-01-31 17:15:23,182 INFO c.z.h.HikariDataSource [SpringApplicationShutdownHook] HikariPool-1 - Shutdown initiated...
2025-01-31 17:15:23,185 INFO c.z.h.HikariDataSource [SpringApplicationShutdownHook] HikariPool-1 - Shutdown completed.
2025-01-31 17:15:43,996 INFO o.s.b.StartupInfoLogger [main] Starting ApiApplication using Java 21.0.2 with PID 2552 (C:\Users\pokhi\IdeaProjects\PP1\API\target\classes started by pokhi in C:\Users\pokhi\IdeaProjects\PP1\API)
2025-01-31 17:15:43,996 INFO o.s.b.SpringApplication [main] No active profile set, falling back to 1 default profile: "default"
2025-01-31 17:15:45,067 INFO o.s.d.r.c.RepositoryConfigurationDelegate [main] Bootstrapping Spring Data JPA repositories in DEFAULT mode.
2025-01-31 17:15:45,183 INFO o.s.d.r.c.RepositoryConfigurationDelegate [main] Finished Spring Data repository scanning in 98 ms. Found 3 JPA repository interfaces.
2025-01-31 17:15:46,101 INFO o.s.b.w.e.t.TomcatWebServer [main] Tomcat initialized with port 8080 (http)
2025-01-31 17:15:46,131 INFO o.a.j.l.DirectJDKLog [main] Initializing ProtocolHandler ["http-nio-8080"]
2025-01-31 17:15:46,134 INFO o.a.j.l.DirectJDKLog [main] Starting service [Tomcat]
2025-01-31 17:15:46,134 INFO o.a.j.l.DirectJDKLog [main] Starting Servlet engine: [Apache Tomcat/10.1.34]
2025-01-31 17:15:46,232 INFO o.a.j.l.DirectJDKLog [main] Initializing Spring embedded WebApplicationContext
2025-01-31 17:15:46,234 INFO o.s.b.w.s.c.ServletWebServerApplicationContext [main] Root WebApplicationContext: initialization completed in 2141 ms
2025-01-31 17:15:46,487 INFO o.h.j.i.u.LogHelper [main] HHH000204: Processing PersistenceUnitInfo [name: default]
2025-01-31 17:15:46,573 INFO o.h.Version [main] HHH000412: Hibernate ORM core version 6.6.5.Final
2025-01-31 17:15:46,621 INFO o.h.c.i.RegionFactoryInitiator [main] HHH000026: Second-level cache disabled
2025-01-31 17:15:47,057 INFO o.s.o.j.p.SpringPersistenceUnitInfo [main] No LoadTimeWeaver setup: ignoring JPA class transformer
2025-01-31 17:15:47,116 INFO c.z.h.HikariDataSource [main] HikariPool-1 - Starting...
2025-01-31 17:15:47,501 INFO c.z.h.p.HikariPool [main] HikariPool-1 - Added connection conn0: url=jdbc:h2:file:~/gardening.db user=SA
2025-01-31 17:15:47,506 INFO c.z.h.HikariDataSource [main] HikariPool-1 - Start completed.
2025-01-31 17:15:47,608 INFO o.h.e.j.e.i.JdbcEnvironmentInitiator [main] HHH10001005: Database info:
	Database JDBC URL [Connecting through datasource 'HikariDataSource (HikariPool-1)']
	Database driver: undefined/unknown
	Database version: 2.3.232
	Autocommit mode: undefined/unknown
	Isolation level: undefined/unknown
	Minimum pool size: undefined/unknown
	Maximum pool size: undefined/unknown
2025-01-31 17:15:49,189 INFO o.h.e.t.j.p.i.JtaPlatformInitiator [main] HHH000489: No JTA platform available (set 'hibernate.transaction.jta.platform' to enable JTA platform integration)
2025-01-31 17:15:49,291 INFO o.s.o.j.AbstractEntityManagerFactoryBean [main] Initialized JPA EntityManagerFactory for persistence unit 'default'
2025-01-31 17:15:49,734 WARN o.s.b.a.o.j.JpaBaseConfiguration$JpaWebConfiguration [main] spring.jpa.open-in-view is enabled by default. Therefore, database queries may be performed during view rendering. Explicitly configure spring.jpa.open-in-view to disable this warning
2025-01-31 17:15:50,178 INFO o.s.b.a.h.H2ConsoleAutoConfiguration$H2ConsoleLogger [main] H2 console available at '/h2-console'. Database available at 'jdbc:h2:file:~/gardening.db'
2025-01-31 17:15:50,268 INFO o.a.j.l.DirectJDKLog [main] Starting ProtocolHandler ["http-nio-8080"]
2025-01-31 17:15:50,304 INFO o.s.b.w.e.t.TomcatWebServer [main] Tomcat started on port 8080 (http) with context path '/'
2025-01-31 17:15:50,319 INFO o.s.b.StartupInfoLogger [main] Started ApiApplication in 7.317 seconds (process running for 7.948)
2025-01-31 17:15:53,611 INFO o.a.j.l.DirectJDKLog [http-nio-8080-exec-1] Initializing Spring DispatcherServlet 'dispatcherServlet'
2025-01-31 17:15:53,612 INFO o.s.w.s.FrameworkServlet [http-nio-8080-exec-1] Initializing Servlet 'dispatcherServlet'
2025-01-31 17:15:53,615 INFO o.s.w.s.FrameworkServlet [http-nio-8080-exec-1] Completed initialization in 3 ms
2025-01-31 17:15:53,650 WARN o.s.w.s.h.AbstractHandlerExceptionResolver [http-nio-8080-exec-1] Resolved [org.springframework.web.HttpRequestMethodNotSupportedException: Request method 'GET' is not supported]
2025-01-31 17:17:18,950 INFO o.s.b.w.e.t.GracefulShutdown [SpringApplicationShutdownHook] Commencing graceful shutdown. Waiting for active requests to complete
2025-01-31 17:17:18,969 INFO o.s.b.w.e.t.GracefulShutdown [tomcat-shutdown] Graceful shutdown complete
2025-01-31 17:17:18,977 INFO o.s.o.j.AbstractEntityManagerFactoryBean [SpringApplicationShutdownHook] Closing JPA EntityManagerFactory for persistence unit 'default'
2025-01-31 17:17:18,981 INFO c.z.h.HikariDataSource [SpringApplicationShutdownHook] HikariPool-1 - Shutdown initiated...
2025-01-31 17:17:18,984 INFO c.z.h.HikariDataSource [SpringApplicationShutdownHook] HikariPool-1 - Shutdown completed.
2025-01-31 17:17:35,851 INFO o.s.b.StartupInfoLogger [main] Starting ApiApplication using Java 21.0.2 with PID 1896 (C:\Users\pokhi\IdeaProjects\PP1\API\target\classes started by pokhi in C:\Users\pokhi\IdeaProjects\PP1\API)
2025-01-31 17:17:35,854 INFO o.s.b.SpringApplication [main] No active profile set, falling back to 1 default profile: "default"
2025-01-31 17:17:36,860 INFO o.s.d.r.c.RepositoryConfigurationDelegate [main] Bootstrapping Spring Data JPA repositories in DEFAULT mode.
2025-01-31 17:17:36,972 INFO o.s.d.r.c.RepositoryConfigurationDelegate [main] Finished Spring Data repository scanning in 95 ms. Found 3 JPA repository interfaces.
2025-01-31 17:17:37,840 INFO o.s.b.w.e.t.TomcatWebServer [main] Tomcat initialized with port 8080 (http)
2025-01-31 17:17:37,867 INFO o.a.j.l.DirectJDKLog [main] Initializing ProtocolHandler ["http-nio-8080"]
2025-01-31 17:17:37,872 INFO o.a.j.l.DirectJDKLog [main] Starting service [Tomcat]
2025-01-31 17:17:37,873 INFO o.a.j.l.DirectJDKLog [main] Starting Servlet engine: [Apache Tomcat/10.1.34]
2025-01-31 17:17:37,969 INFO o.a.j.l.DirectJDKLog [main] Initializing Spring embedded WebApplicationContext
2025-01-31 17:17:37,970 INFO o.s.b.w.s.c.ServletWebServerApplicationContext [main] Root WebApplicationContext: initialization completed in 2042 ms
2025-01-31 17:17:38,234 INFO o.h.j.i.u.LogHelper [main] HHH000204: Processing PersistenceUnitInfo [name: default]
2025-01-31 17:17:38,325 INFO o.h.Version [main] HHH000412: Hibernate ORM core version 6.6.5.Final
2025-01-31 17:17:38,380 INFO o.h.c.i.RegionFactoryInitiator [main] HHH000026: Second-level cache disabled
2025-01-31 17:17:38,834 INFO o.s.o.j.p.SpringPersistenceUnitInfo [main] No LoadTimeWeaver setup: ignoring JPA class transformer
2025-01-31 17:17:38,884 INFO c.z.h.HikariDataSource [main] HikariPool-1 - Starting...
2025-01-31 17:17:39,291 INFO c.z.h.p.HikariPool [main] HikariPool-1 - Added connection conn0: url=jdbc:h2:file:~/gardening.db user=SA
2025-01-31 17:17:39,298 INFO c.z.h.HikariDataSource [main] HikariPool-1 - Start completed.
2025-01-31 17:17:39,427 INFO o.h.e.j.e.i.JdbcEnvironmentInitiator [main] HHH10001005: Database info:
	Database JDBC URL [Connecting through datasource 'HikariDataSource (HikariPool-1)']
	Database driver: undefined/unknown
	Database version: 2.3.232
	Autocommit mode: undefined/unknown
	Isolation level: undefined/unknown
	Minimum pool size: undefined/unknown
	Maximum pool size: undefined/unknown
2025-01-31 17:17:41,094 INFO o.h.e.t.j.p.i.JtaPlatformInitiator [main] HHH000489: No JTA platform available (set 'hibernate.transaction.jta.platform' to enable JTA platform integration)
2025-01-31 17:17:41,211 INFO o.s.o.j.AbstractEntityManagerFactoryBean [main] Initialized JPA EntityManagerFactory for persistence unit 'default'
2025-01-31 17:17:41,638 WARN o.s.c.s.AbstractApplicationContext [main] Exception encountered during context initialization - cancelling refresh attempt: org.springframework.beans.factory.UnsatisfiedDependencyException: Error creating bean with name 'gardenerController': Unsatisfied dependency expressed through field 'gardenerService': No qualifying bean of type 'com.svalero.API.service.GardenerService' available: expected at least 1 bean which qualifies as autowire candidate. Dependency annotations: {@org.springframework.beans.factory.annotation.Autowired(required=true)}
2025-01-31 17:17:41,641 INFO o.s.o.j.AbstractEntityManagerFactoryBean [main] Closing JPA EntityManagerFactory for persistence unit 'default'
2025-01-31 17:17:41,645 INFO c.z.h.HikariDataSource [main] HikariPool-1 - Shutdown initiated...
2025-01-31 17:17:41,659 INFO c.z.h.HikariDataSource [main] HikariPool-1 - Shutdown completed.
2025-01-31 17:17:41,663 INFO o.a.j.l.DirectJDKLog [main] Stopping service [Tomcat]
2025-01-31 17:17:41,680 INFO o.s.b.a.l.ConditionEvaluationReportLogger [main] 

Error starting ApplicationContext. To display the condition evaluation report re-run your application with 'debug' enabled.
2025-01-31 17:17:41,714 ERROR o.s.b.d.LoggingFailureAnalysisReporter [main] 

***************************
APPLICATION FAILED TO START
***************************

Description:

Field gardenerService in com.svalero.API.controller.GardenerController required a bean of type 'com.svalero.API.service.GardenerService' that could not be found.

The injection point has the following annotations:
	- @org.springframework.beans.factory.annotation.Autowired(required=true)


Action:

Consider defining a bean of type 'com.svalero.API.service.GardenerService' in your configuration.

2025-01-31 17:18:41,571 INFO o.s.b.StartupInfoLogger [main] Starting ApiApplication using Java 21.0.2 with PID 21772 (C:\Users\pokhi\IdeaProjects\PP1\API\target\classes started by pokhi in C:\Users\pokhi\IdeaProjects\PP1\API)
2025-01-31 17:18:41,575 INFO o.s.b.SpringApplication [main] No active profile set, falling back to 1 default profile: "default"
2025-01-31 17:18:42,600 INFO o.s.d.r.c.RepositoryConfigurationDelegate [main] Bootstrapping Spring Data JPA repositories in DEFAULT mode.
2025-01-31 17:18:42,702 INFO o.s.d.r.c.RepositoryConfigurationDelegate [main] Finished Spring Data repository scanning in 88 ms. Found 3 JPA repository interfaces.
2025-01-31 17:18:43,597 INFO o.s.b.w.e.t.TomcatWebServer [main] Tomcat initialized with port 8080 (http)
2025-01-31 17:18:43,621 INFO o.a.j.l.DirectJDKLog [main] Initializing ProtocolHandler ["http-nio-8080"]
2025-01-31 17:18:43,626 INFO o.a.j.l.DirectJDKLog [main] Starting service [Tomcat]
2025-01-31 17:18:43,627 INFO o.a.j.l.DirectJDKLog [main] Starting Servlet engine: [Apache Tomcat/10.1.34]
2025-01-31 17:18:43,727 INFO o.a.j.l.DirectJDKLog [main] Initializing Spring embedded WebApplicationContext
2025-01-31 17:18:43,730 INFO o.s.b.w.s.c.ServletWebServerApplicationContext [main] Root WebApplicationContext: initialization completed in 2084 ms
2025-01-31 17:18:43,992 INFO o.h.j.i.u.LogHelper [main] HHH000204: Processing PersistenceUnitInfo [name: default]
2025-01-31 17:18:44,082 INFO o.h.Version [main] HHH000412: Hibernate ORM core version 6.6.5.Final
2025-01-31 17:18:44,135 INFO o.h.c.i.RegionFactoryInitiator [main] HHH000026: Second-level cache disabled
2025-01-31 17:18:44,610 INFO o.s.o.j.p.SpringPersistenceUnitInfo [main] No LoadTimeWeaver setup: ignoring JPA class transformer
2025-01-31 17:18:44,661 INFO c.z.h.HikariDataSource [main] HikariPool-1 - Starting...
2025-01-31 17:18:45,049 INFO c.z.h.p.HikariPool [main] HikariPool-1 - Added connection conn0: url=jdbc:h2:file:~/gardening.db user=SA
2025-01-31 17:18:45,053 INFO c.z.h.HikariDataSource [main] HikariPool-1 - Start completed.
2025-01-31 17:18:45,167 INFO o.h.e.j.e.i.JdbcEnvironmentInitiator [main] HHH10001005: Database info:
	Database JDBC URL [Connecting through datasource 'HikariDataSource (HikariPool-1)']
	Database driver: undefined/unknown
	Database version: 2.3.232
	Autocommit mode: undefined/unknown
	Isolation level: undefined/unknown
	Minimum pool size: undefined/unknown
	Maximum pool size: undefined/unknown
2025-01-31 17:18:46,706 INFO o.h.e.t.j.p.i.JtaPlatformInitiator [main] HHH000489: No JTA platform available (set 'hibernate.transaction.jta.platform' to enable JTA platform integration)
2025-01-31 17:18:46,804 INFO o.s.o.j.AbstractEntityManagerFactoryBean [main] Initialized JPA EntityManagerFactory for persistence unit 'default'
2025-01-31 17:18:47,247 WARN o.s.b.a.o.j.JpaBaseConfiguration$JpaWebConfiguration [main] spring.jpa.open-in-view is enabled by default. Therefore, database queries may be performed during view rendering. Explicitly configure spring.jpa.open-in-view to disable this warning
2025-01-31 17:18:47,687 INFO o.s.b.a.h.H2ConsoleAutoConfiguration$H2ConsoleLogger [main] H2 console available at '/h2-console'. Database available at 'jdbc:h2:file:~/gardening.db'
2025-01-31 17:18:47,772 INFO o.a.j.l.DirectJDKLog [main] Starting ProtocolHandler ["http-nio-8080"]
2025-01-31 17:18:47,810 INFO o.s.b.w.e.t.TomcatWebServer [main] Tomcat started on port 8080 (http) with context path '/'
2025-01-31 17:18:47,824 INFO o.s.b.StartupInfoLogger [main] Started ApiApplication in 7.237 seconds (process running for 7.884)
2025-01-31 17:18:58,018 INFO o.a.j.l.DirectJDKLog [http-nio-8080-exec-1] Initializing Spring DispatcherServlet 'dispatcherServlet'
2025-01-31 17:18:58,018 INFO o.s.w.s.FrameworkServlet [http-nio-8080-exec-1] Initializing Servlet 'dispatcherServlet'
2025-01-31 17:18:58,020 INFO o.s.w.s.FrameworkServlet [http-nio-8080-exec-1] Completed initialization in 1 ms
2025-01-31 17:18:58,334 INFO c.s.A.c.GardenerController [http-nio-8080-exec-1] Get all gardeners
2025-01-31 17:19:22,375 INFO c.s.A.c.GardenerController [http-nio-8080-exec-2] Get all gardeners
2025-01-31 17:22:58,107 WARN o.h.e.j.s.SqlExceptionHelper [http-nio-8080-exec-6] SQL Error: 23505, SQLState: 23505
2025-01-31 17:22:58,109 ERROR o.h.e.j.s.SqlExceptionHelper [http-nio-8080-exec-6] Violación de indice de Unicidad ó Clave primaria: "PRIMARY KEY ON PUBLIC.gardeners(id) ( /* key:1 */ CAST(1 AS BIGINT), 'su casa', DATE '1999-05-23', 'Z12365BL', 'Jorguto', '654321789', FALSE)"
Unique index or primary key violation: "PRIMARY KEY ON PUBLIC.gardeners(id) ( /* key:1 */ CAST(1 AS BIGINT), 'su casa', DATE '1999-05-23', 'Z12365BL', 'Jorguto', '654321789', FALSE)"; SQL statement:
insert into "gardeners" ("address","hire_date","license_plate","name","phone","self-employed","id") values (?,?,?,?,?,?,default) [23505-232]
2025-01-31 17:22:58,130 ERROR o.a.j.l.DirectJDKLog [http-nio-8080-exec-6] Servlet.service() for servlet [dispatcherServlet] in context with path [] threw exception [Request processing failed: org.springframework.dao.DataIntegrityViolationException: could not execute statement [Violación de indice de Unicidad ó Clave primaria: "PRIMARY KEY ON PUBLIC.gardeners(id) ( /* key:1 */ CAST(1 AS BIGINT), 'su casa', DATE '1999-05-23', 'Z12365BL', 'Jorguto', '654321789', FALSE)"
Unique index or primary key violation: "PRIMARY KEY ON PUBLIC.gardeners(id) ( /* key:1 */ CAST(1 AS BIGINT), 'su casa', DATE '1999-05-23', 'Z12365BL', 'Jorguto', '654321789', FALSE)"; SQL statement:
insert into "gardeners" ("address","hire_date","license_plate","name","phone","self-employed","id") values (?,?,?,?,?,?,default) [23505-232]] [insert into "gardeners" ("address","hire_date","license_plate","name","phone","self-employed","id") values (?,?,?,?,?,?,default)]; SQL [insert into "gardeners" ("address","hire_date","license_plate","name","phone","self-employed","id") values (?,?,?,?,?,?,default)]; constraint [PRIMARY KEY]] with root cause
org.h2.jdbc.JdbcSQLIntegrityConstraintViolationException: Violación de indice de Unicidad ó Clave primaria: "PRIMARY KEY ON PUBLIC.gardeners(id) ( /* key:1 */ CAST(1 AS BIGINT), 'su casa', DATE '1999-05-23', 'Z12365BL', 'Jorguto', '654321789', FALSE)"
Unique index or primary key violation: "PRIMARY KEY ON PUBLIC.gardeners(id) ( /* key:1 */ CAST(1 AS BIGINT), 'su casa', DATE '1999-05-23', 'Z12365BL', 'Jorguto', '654321789', FALSE)"; SQL statement:
insert into "gardeners" ("address","hire_date","license_plate","name","phone","self-employed","id") values (?,?,?,?,?,?,default) [23505-232]
	at org.h2.message.DbException.getJdbcSQLException(DbException.java:520)
	at org.h2.message.DbException.getJdbcSQLException(DbException.java:489)
	at org.h2.message.DbException.get(DbException.java:223)
	at org.h2.message.DbException.get(DbException.java:199)
	at org.h2.mvstore.db.MVPrimaryIndex.add(MVPrimaryIndex.java:121)
	at org.h2.mvstore.db.MVTable.addRow(MVTable.java:517)
	at org.h2.command.dml.Insert.insertRows(Insert.java:174)
	at org.h2.command.dml.Insert.update(Insert.java:135)
	at org.h2.command.CommandContainer.executeUpdateWithGeneratedKeys(CommandContainer.java:212)
	at org.h2.command.CommandContainer.update(CommandContainer.java:133)
	at org.h2.command.Command.executeUpdate(Command.java:304)
	at org.h2.command.Command.executeUpdate(Command.java:248)
	at org.h2.jdbc.JdbcPreparedStatement.executeUpdateInternal(JdbcPreparedStatement.java:213)
	at org.h2.jdbc.JdbcPreparedStatement.executeUpdate(JdbcPreparedStatement.java:172)
	at com.zaxxer.hikari.pool.ProxyPreparedStatement.executeUpdate(ProxyPreparedStatement.java:61)
	at com.zaxxer.hikari.pool.HikariProxyPreparedStatement.executeUpdate(HikariProxyPreparedStatement.java)
	at org.hibernate.engine.jdbc.internal.ResultSetReturnImpl.executeUpdate(ResultSetReturnImpl.java:194)
	at org.hibernate.id.insert.GetGeneratedKeysDelegate.performMutation(GetGeneratedKeysDelegate.java:116)
	at org.hibernate.engine.jdbc.mutation.internal.MutationExecutorSingleNonBatched.performNonBatchedOperations(MutationExecutorSingleNonBatched.java:47)
	at org.hibernate.engine.jdbc.mutation.internal.AbstractMutationExecutor.execute(AbstractMutationExecutor.java:55)
	at org.hibernate.persister.entity.mutation.InsertCoordinatorStandard.doStaticInserts(InsertCoordinatorStandard.java:194)
	at org.hibernate.persister.entity.mutation.InsertCoordinatorStandard.coordinateInsert(InsertCoordinatorStandard.java:132)
	at org.hibernate.persister.entity.mutation.InsertCoordinatorStandard.insert(InsertCoordinatorStandard.java:95)
	at org.hibernate.action.internal.EntityIdentityInsertAction.execute(EntityIdentityInsertAction.java:85)
	at org.hibernate.engine.spi.ActionQueue.execute(ActionQueue.java:682)
	at org.hibernate.engine.spi.ActionQueue.addResolvedEntityInsertAction(ActionQueue.java:293)
	at org.hibernate.engine.spi.ActionQueue.addInsertAction(ActionQueue.java:274)
	at org.hibernate.engine.spi.ActionQueue.addAction(ActionQueue.java:324)
	at org.hibernate.event.internal.AbstractSaveEventListener.addInsertAction(AbstractSaveEventListener.java:393)
	at org.hibernate.event.internal.AbstractSaveEventListener.performSaveOrReplicate(AbstractSaveEventListener.java:307)
	at org.hibernate.event.internal.AbstractSaveEventListener.performSave(AbstractSaveEventListener.java:223)
	at org.hibernate.event.internal.AbstractSaveEventListener.saveWithGeneratedId(AbstractSaveEventListener.java:136)
	at org.hibernate.event.internal.DefaultPersistEventListener.entityIsTransient(DefaultPersistEventListener.java:177)
	at org.hibernate.event.internal.DefaultPersistEventListener.persist(DefaultPersistEventListener.java:95)
	at org.hibernate.event.internal.DefaultPersistEventListener.onPersist(DefaultPersistEventListener.java:79)
	at org.hibernate.event.internal.DefaultPersistEventListener.onPersist(DefaultPersistEventListener.java:55)
	at org.hibernate.event.service.internal.EventListenerGroupImpl.fireEventOnEachListener(EventListenerGroupImpl.java:127)
	at org.hibernate.internal.SessionImpl.firePersist(SessionImpl.java:761)
	at org.hibernate.internal.SessionImpl.persist(SessionImpl.java:745)
	at java.base/jdk.internal.reflect.DirectMethodHandleAccessor.invoke(DirectMethodHandleAccessor.java:103)
	at java.base/java.lang.reflect.Method.invoke(Method.java:580)
	at org.springframework.orm.jpa.ExtendedEntityManagerCreator$ExtendedEntityManagerInvocationHandler.invoke(ExtendedEntityManagerCreator.java:364)
	at jdk.proxy2/jdk.proxy2.$Proxy119.persist(Unknown Source)
	at java.base/jdk.internal.reflect.DirectMethodHandleAccessor.invoke(DirectMethodHandleAccessor.java:103)
	at java.base/java.lang.reflect.Method.invoke(Method.java:580)
	at org.springframework.orm.jpa.SharedEntityManagerCreator$SharedEntityManagerInvocationHandler.invoke(SharedEntityManagerCreator.java:320)
	at jdk.proxy2/jdk.proxy2.$Proxy119.persist(Unknown Source)
	at org.springframework.data.jpa.repository.support.SimpleJpaRepository.save(SimpleJpaRepository.java:627)
	at java.base/jdk.internal.reflect.DirectMethodHandleAccessor.invoke(DirectMethodHandleAccessor.java:103)
	at java.base/java.lang.reflect.Method.invoke(Method.java:580)
	at org.springframework.aop.support.AopUtils.invokeJoinpointUsingReflection(AopUtils.java:359)
	at org.springframework.data.repository.core.support.RepositoryMethodInvoker$RepositoryFragmentMethodInvoker.lambda$new$0(RepositoryMethodInvoker.java:277)
	at org.springframework.data.repository.core.support.RepositoryMethodInvoker.doInvoke(RepositoryMethodInvoker.java:170)
	at org.springframework.data.repository.core.support.RepositoryMethodInvoker.invoke(RepositoryMethodInvoker.java:158)
	at org.springframework.data.repository.core.support.RepositoryComposition$RepositoryFragments.invoke(RepositoryComposition.java:515)
	at org.springframework.data.repository.core.support.RepositoryComposition.invoke(RepositoryComposition.java:284)
	at org.springframework.data.repository.core.support.RepositoryFactorySupport$ImplementationMethodExecutionInterceptor.invoke(RepositoryFactorySupport.java:752)
	at org.springframework.aop.framework.ReflectiveMethodInvocation.proceed(ReflectiveMethodInvocation.java:184)
	at org.springframework.data.repository.core.support.QueryExecutorMethodInterceptor.doInvoke(QueryExecutorMethodInterceptor.java:174)
	at org.springframework.data.repository.core.support.QueryExecutorMethodInterceptor.invoke(QueryExecutorMethodInterceptor.java:149)
	at org.springframework.aop.framework.ReflectiveMethodInvocation.proceed(ReflectiveMethodInvocation.java:184)
	at org.springframework.data.projection.DefaultMethodInvokingMethodInterceptor.invoke(DefaultMethodInvokingMethodInterceptor.java:69)
	at org.springframework.aop.framework.ReflectiveMethodInvocation.proceed(ReflectiveMethodInvocation.java:184)
	at org.springframework.transaction.interceptor.TransactionAspectSupport.invokeWithinTransaction(TransactionAspectSupport.java:380)
	at org.springframework.transaction.interceptor.TransactionInterceptor.invoke(TransactionInterceptor.java:119)
	at org.springframework.aop.framework.ReflectiveMethodInvocation.proceed(ReflectiveMethodInvocation.java:184)
	at org.springframework.dao.support.PersistenceExceptionTranslationInterceptor.invoke(PersistenceExceptionTranslationInterceptor.java:138)
	at org.springframework.aop.framework.ReflectiveMethodInvocation.proceed(ReflectiveMethodInvocation.java:184)
	at org.springframework.data.jpa.repository.support.CrudMethodMetadataPostProcessor$CrudMethodMetadataPopulatingMethodInterceptor.invoke(CrudMethodMetadataPostProcessor.java:165)
	at org.springframework.aop.framework.ReflectiveMethodInvocation.proceed(ReflectiveMethodInvocation.java:184)
	at org.springframework.aop.framework.JdkDynamicAopProxy.invoke(JdkDynamicAopProxy.java:223)
	at jdk.proxy2/jdk.proxy2.$Proxy124.save(Unknown Source)
	at com.svalero.API.service.GardenerService.add(GardenerService.java:28)
	at com.svalero.API.controller.GardenerController.addGardener(GardenerController.java:35)
	at java.base/jdk.internal.reflect.DirectMethodHandleAccessor.invoke(DirectMethodHandleAccessor.java:103)
	at java.base/java.lang.reflect.Method.invoke(Method.java:580)
	at org.springframework.web.method.support.InvocableHandlerMethod.doInvoke(InvocableHandlerMethod.java:257)
	at org.springframework.web.method.support.InvocableHandlerMethod.invokeForRequest(InvocableHandlerMethod.java:190)
	at org.springframework.web.servlet.mvc.method.annotation.ServletInvocableHandlerMethod.invokeAndHandle(ServletInvocableHandlerMethod.java:118)
	at org.springframework.web.servlet.mvc.method.annotation.RequestMappingHandlerAdapter.invokeHandlerMethod(RequestMappingHandlerAdapter.java:986)
	at org.springframework.web.servlet.mvc.method.annotation.RequestMappingHandlerAdapter.handleInternal(RequestMappingHandlerAdapter.java:891)
	at org.springframework.web.servlet.mvc.method.AbstractHandlerMethodAdapter.handle(AbstractHandlerMethodAdapter.java:87)
	at org.springframework.web.servlet.DispatcherServlet.doDispatch(DispatcherServlet.java:1088)
	at org.springframework.web.servlet.DispatcherServlet.doService(DispatcherServlet.java:978)
	at org.springframework.web.servlet.FrameworkServlet.processRequest(FrameworkServlet.java:1014)
	at org.springframework.web.servlet.FrameworkServlet.doPost(FrameworkServlet.java:914)
	at jakarta.servlet.http.HttpServlet.service(HttpServlet.java:590)
	at org.springframework.web.servlet.FrameworkServlet.service(FrameworkServlet.java:885)
	at jakarta.servlet.http.HttpServlet.service(HttpServlet.java:658)
	at org.apache.catalina.core.ApplicationFilterChain.internalDoFilter(ApplicationFilterChain.java:195)
	at org.apache.catalina.core.ApplicationFilterChain.doFilter(ApplicationFilterChain.java:140)
	at org.apache.tomcat.websocket.server.WsFilter.doFilter(WsFilter.java:51)
	at org.apache.catalina.core.ApplicationFilterChain.internalDoFilter(ApplicationFilterChain.java:164)
	at org.apache.catalina.core.ApplicationFilterChain.doFilter(ApplicationFilterChain.java:140)
	at org.springframework.web.filter.RequestContextFilter.doFilterInternal(RequestContextFilter.java:100)
	at org.springframework.web.filter.OncePerRequestFilter.doFilter(OncePerRequestFilter.java:116)
	at org.apache.catalina.core.ApplicationFilterChain.internalDoFilter(ApplicationFilterChain.java:164)
	at org.apache.catalina.core.ApplicationFilterChain.doFilter(ApplicationFilterChain.java:140)
	at org.springframework.web.filter.FormContentFilter.doFilterInternal(FormContentFilter.java:93)
	at org.springframework.web.filter.OncePerRequestFilter.doFilter(OncePerRequestFilter.java:116)
	at org.apache.catalina.core.ApplicationFilterChain.internalDoFilter(ApplicationFilterChain.java:164)
	at org.apache.catalina.core.ApplicationFilterChain.doFilter(ApplicationFilterChain.java:140)
	at org.springframework.web.filter.CharacterEncodingFilter.doFilterInternal(CharacterEncodingFilter.java:201)
	at org.springframework.web.filter.OncePerRequestFilter.doFilter(OncePerRequestFilter.java:116)
	at org.apache.catalina.core.ApplicationFilterChain.internalDoFilter(ApplicationFilterChain.java:164)
	at org.apache.catalina.core.ApplicationFilterChain.doFilter(ApplicationFilterChain.java:140)
	at org.apache.catalina.core.StandardWrapperValve.invoke(StandardWrapperValve.java:167)
	at org.apache.catalina.core.StandardContextValve.invoke(StandardContextValve.java:90)
	at org.apache.catalina.authenticator.AuthenticatorBase.invoke(AuthenticatorBase.java:483)
	at org.apache.catalina.core.StandardHostValve.invoke(StandardHostValve.java:115)
	at org.apache.catalina.valves.ErrorReportValve.invoke(ErrorReportValve.java:93)
	at org.apache.catalina.core.StandardEngineValve.invoke(StandardEngineValve.java:74)
	at org.apache.catalina.connector.CoyoteAdapter.service(CoyoteAdapter.java:344)
	at org.apache.coyote.http11.Http11Processor.service(Http11Processor.java:397)
	at org.apache.coyote.AbstractProcessorLight.process(AbstractProcessorLight.java:63)
	at org.apache.coyote.AbstractProtocol$ConnectionHandler.process(AbstractProtocol.java:905)
	at org.apache.tomcat.util.net.NioEndpoint$SocketProcessor.doRun(NioEndpoint.java:1741)
	at org.apache.tomcat.util.net.SocketProcessorBase.run(SocketProcessorBase.java:52)
	at org.apache.tomcat.util.threads.ThreadPoolExecutor.runWorker(ThreadPoolExecutor.java:1190)
	at org.apache.tomcat.util.threads.ThreadPoolExecutor$Worker.run(ThreadPoolExecutor.java:659)
	at org.apache.tomcat.util.threads.TaskThread$WrappingRunnable.run(TaskThread.java:63)
	at java.base/java.lang.Thread.run(Thread.java:1583)
2025-01-31 17:24:35,750 INFO c.s.A.c.GardenerController [http-nio-8080-exec-7] Get gardener
2025-01-31 17:27:56,409 INFO c.s.A.c.GardenerController [http-nio-8080-exec-8] Gardener added
2025-01-31 17:28:43,044 INFO c.s.A.c.GardenerController [http-nio-8080-exec-9] Gardener added
2025-01-31 17:28:48,123 INFO c.s.A.c.GardenerController [http-nio-8080-exec-1] Get gardener
2025-01-31 17:28:59,430 INFO c.s.A.c.GardenerController [http-nio-8080-exec-4] Get gardener
2025-01-31 17:29:18,204 INFO c.s.A.c.GardenerController [http-nio-8080-exec-5] Get all gardeners
2025-01-31 17:29:45,872 INFO c.s.A.c.GardenerController [http-nio-8080-exec-7] Removed gardener
2025-01-31 17:29:52,540 INFO c.s.A.c.GardenerController [http-nio-8080-exec-9] Get all gardeners
2025-01-31 17:29:58,552 INFO c.s.A.c.GardenerController [http-nio-8080-exec-10] Gardener added
2025-01-31 17:30:02,734 INFO c.s.A.c.GardenerController [http-nio-8080-exec-2] Get all gardeners
2025-01-31 17:32:34,165 INFO c.s.A.c.GardenerController [http-nio-8080-exec-3] Get all gardeners
2025-01-31 17:32:56,501 INFO c.s.A.c.GardenerController [http-nio-8080-exec-6] Modified gardener
2025-01-31 17:34:44,089 INFO c.s.A.c.GardenerController [http-nio-8080-exec-8] Get all gardeners
2025-01-31 18:08:53,023 WARN c.z.h.p.HikariPool$HouseKeeper [HikariPool-1 housekeeper] HikariPool-1 - Thread starvation or clock leap detected (housekeeper delta=2m7s525ms332µs400ns).
